Script started on Sat Apr 14 18:28:32 2018
[?1034hbash-3.2$ python3 game.py
[H[2JPlayer: 1
Current Card: Card(8, C)

Your Hand:
0: Card(3, C)
1: Card(J, C)
2: Card(6, C)
3: Card(3, H)
4: Card(6, S)

Enter 'D' to draw a card, or enter the number of the card to play. 1
[H[2JPlayer: 2
Current Card: Card(J, C)

Your Hand:
0: Card(5, D)
1: Card(6, H)
2: Card(9, S)
3: Card(4, S)
4: Card(9, D)

Enter 'D' to draw a card, or enter the number of the card to play. d
[H[2JPlayer: 2
Current Card: Card(J, C)

Your Hand:
0: Card(5, D)
1: Card(6, H)
2: Card(9, S)
3: Card(4, S)
4: Card(9, D)
5: Card(J, H)

Enter 'D' to draw a card, or enter the number of the card to play. 5
[H[2JPlayer: 1
Current Card: Card(J, H)

Your Hand:
0: Card(3, C)
1: Card(6, C)
2: Card(3, H)
3: Card(6, S)

Enter 'D' to draw a card, or enter the number of the card to play. 2
[H[2JPlayer: 2
Current Card: Card(3, H)

Your Hand:
0: Card(5, D)
1: Card(6, H)
2: Card(9, S)
3: Card(4, S)
4: Card(9, D)

Enter 'D' to draw a card, or enter the number of the card to play. 1
[H[2JPlayer: 1
Current Card: Card(6, H)

Your Hand:
0: Card(3, C)
1: Card(6, C)
2: Card(6, S)

Enter 'D' to draw a card, or enter the number of the card to play. 1
[H[2JPlayer: 2
Current Card: Card(6, C)

Your Hand:
0: Card(5, D)
1: Card(9, S)
2: Card(4, S)
3: Card(9, D)

Enter 'D' to draw a card, or enter the number of the card to play. d
[H[2JPlayer: 2
Current Card: Card(6, C)

Your Hand:
0: Card(5, D)
1: Card(9, S)
2: Card(4, S)
3: Card(9, D)
4: Card(5, C)

Enter 'D' to draw a card, or enter the number of the card to play. 4
[H[2JPlayer: 1
Current Card: Card(5, C)

Your Hand:
0: Card(3, C)
1: Card(6, S)

Enter 'D' to draw a card, or enter the number of the card to play. 0
[H[2JPlayer: 2
Current Card: Card(3, C)

Your Hand:
0: Card(5, D)
1: Card(9, S)
2: Card(4, S)
3: Card(9, D)

Enter 'D' to draw a card, or enter the number of the card to play. d
[H[2JPlayer: 2
Current Card: Card(3, C)

Your Hand:
0: Card(5, D)
1: Card(9, S)
2: Card(4, S)
3: Card(9, D)
4: Card(4, H)

Enter 'D' to draw a card, or enter the number of the card to play. d
[H[2JPlayer: 2
Current Card: Card(3, C)

Your Hand:
0: Card(5, D)
1: Card(9, S)
2: Card(4, S)
3: Card(9, D)
4: Card(4, H)
5: Card(6, D)

Enter 'D' to draw a card, or enter the number of the card to play. d
[H[2JPlayer: 2
Current Card: Card(3, C)

Your Hand:
0: Card(5, D)
1: Card(9, S)
2: Card(4, S)
3: Card(9, D)
4: Card(4, H)
5: Card(6, D)
6: Card(J, D)

Enter 'D' to draw a card, or enter the number of the card to play. d
[H[2JPlayer: 2
Current Card: Card(3, C)

Your Hand:
0: Card(5, D)
1: Card(9, S)
2: Card(4, S)
3: Card(9, D)
4: Card(4, H)
5: Card(6, D)
6: Card(J, D)
7: Card(3, S)

Enter 'D' to draw a card, or enter the number of the card to play. 7
[H[2JPlayer: 1
Current Card: Card(3, S)

Your Hand:
0: Card(6, S)

Enter 'D' to draw a card, or enter the number of the card to play. 0
Game over! Player 1 wins!
bash-3.2$ exit
exit

Script done on Sat Apr 14 18:29:09 2018
