Script started on Sat Apr 14 18:31:37 2018
[?1034hbash-3.2$ put[K[Kython3 game.py
[H[2JPlayer: 1
Current Card: Card(Q, S)

Your Hand:
0: Card(10, C)
1: Card(4, C)
2: Card(6, H)
3: Card(7, D)
4: Card(4, S)

Enter 'D' to draw a card, or enter the number of the card to play. 4
[H[2JPlayer: 2
Current Card: Card(4, S)

Your Hand:
0: Card(8, S)
1: Card(2, H)
2: Card(5, D)
3: Card(7, H)
4: Card(Q, C)

Enter 'D' to draw a card, or enter the number of the card to play. 0
You played an 8! What suit (C, D, H, S) would you like to choose? d
[H[2JPlayer: 1
Current Suit: D
Your Hand:
0: Card(10, C)
1: Card(4, C)
2: Card(6, H)
3: Card(7, D)

Enter 'D' to draw a card, or enter the number of the card to play. 3
[H[2JPlayer: 2
Current Card: Card(7, D)

Your Hand:
0: Card(2, H)
1: Card(5, D)
2: Card(7, H)
3: Card(Q, C)

Enter 'D' to draw a card, or enter the number of the card to play. 2
[H[2JPlayer: 1
Current Card: Card(7, H)

Your Hand:
0: Card(10, C)
1: Card(4, C)
2: Card(6, H)

Enter 'D' to draw a card, or enter the number of the card to play. 6
[H[2JPlayer: 1
Current Card: Card(7, H)

Your Hand:
0: Card(10, C)
1: Card(4, C)
2: Card(6, H)

Enter 'D' to draw a card, or enter the number of the card to play. 2
[H[2JPlayer: 2
Current Card: Card(6, H)

Your Hand:
0: Card(2, H)
1: Card(5, D)
2: Card(Q, C)

Enter 'D' to draw a card, or enter the number of the card to play. 0
[H[2JPlayer: 1
Current Card: Card(2, H)

Your Hand:
0: Card(10, C)
1: Card(4, C)

Enter 'D' to draw a card, or enter the number of the card to play. d
[H[2JPlayer: 1
Current Card: Card(2, H)

Your Hand:
0: Card(10, C)
1: Card(4, C)
2: Card(A, H)

Enter 'D' to draw a card, or enter the number of the card to play. 2
[H[2JPlayer: 2
Current Card: Card(A, H)

Your Hand:
0: Card(5, D)
1: Card(Q, C)

Enter 'D' to draw a card, or enter the number of the card to play. d
[H[2JPlayer: 2
Current Card: Card(A, H)

Your Hand:
0: Card(5, D)
1: Card(Q, C)
2: Card(2, D)

Enter 'D' to draw a card, or enter the number of the card to play. d
[H[2JPlayer: 2
Current Card: Card(A, H)

Your Hand:
0: Card(5, D)
1: Card(Q, C)
2: Card(2, D)
3: Card(K, H)

Enter 'D' to draw a card, or enter the number of the card to play. 3
[H[2JPlayer: 1
Current Card: Card(K, H)

Your Hand:
0: Card(10, C)
1: Card(4, C)

Enter 'D' to draw a card, or enter the number of the card to play. d
[H[2JPlayer: 1
Current Card: Card(K, H)

Your Hand:
0: Card(10, C)
1: Card(4, C)
2: Card(A, D)

Enter 'D' to draw a card, or enter the number of the card to play. d
[H[2JPlayer: 1
Current Card: Card(K, H)

Your Hand:
0: Card(10, C)
1: Card(4, C)
2: Card(A, D)
3: Card(7, C)

Enter 'D' to draw a card, or enter the number of the card to play. d
[H[2JPlayer: 1
Current Card: Card(K, H)

Your Hand:
0: Card(10, C)
1: Card(4, C)
2: Card(A, D)
3: Card(7, C)
4: Card(5, H)

Enter 'D' to draw a card, or enter the number of the card to play. 4
[H[2JPlayer: 2
Current Card: Card(5, H)

Your Hand:
0: Card(5, D)
1: Card(Q, C)
2: Card(2, D)

Enter 'D' to draw a card, or enter the number of the card to play. 0
[H[2JPlayer: 1
Current Card: Card(5, D)

Your Hand:
0: Card(10, C)
1: Card(4, C)
2: Card(A, D)
3: Card(7, C)

Enter 'D' to draw a card, or enter the number of the card to play. 2
[H[2JPlayer: 2
Current Card: Card(A, D)

Your Hand:
0: Card(Q, C)
1: Card(2, D)

Enter 'D' to draw a card, or enter the number of the card to play. 1
[H[2JPlayer: 1
Current Card: Card(2, D)

Your Hand:
0: Card(10, C)
1: Card(4, C)
2: Card(7, C)

Enter 'D' to draw a card, or enter the number of the card to play. d
[H[2JPlayer: 1
Current Card: Card(2, D)

Your Hand:
0: Card(10, C)
1: Card(4, C)
2: Card(7, C)
3: Card(J, H)

Enter 'D' to draw a card, or enter the number of the card to play. d
[H[2JPlayer: 1
Current Card: Card(2, D)

Your Hand:
0: Card(10, C)
1: Card(4, C)
2: Card(7, C)
3: Card(J, H)
4: Card(10, H)

Enter 'D' to draw a card, or enter the number of the card to play. d
[H[2JPlayer: 1
Current Card: Card(2, D)

Your Hand:
0: Card(10, C)
1: Card(4, C)
2: Card(7, C)
3: Card(J, H)
4: Card(10, H)
5: Card(K, S)

Enter 'D' to draw a card, or enter the number of the card to play. d
[H[2JPlayer: 1
Current Card: Card(2, D)

Your Hand:
0: Card(10, C)
1: Card(4, C)
2: Card(7, C)
3: Card(J, H)
4: Card(10, H)
5: Card(K, S)
6: Card(10, D)

Enter 'D' to draw a card, or enter the number of the card to play. 6
[H[2JPlayer: 2
Current Card: Card(10, D)

Your Hand:
0: Card(Q, C)

Enter 'D' to draw a card, or enter the number of the card to play. d
[H[2JPlayer: 2
Current Card: Card(10, D)

Your Hand:
0: Card(Q, C)
1: Card(7, S)

Enter 'D' to draw a card, or enter the number of the card to play. d
[H[2JPlayer: 2
Current Card: Card(10, D)

Your Hand:
0: Card(Q, C)
1: Card(7, S)
2: Card(6, C)

Enter 'D' to draw a card, or enter the number of the card to play. d
[H[2JPlayer: 2
Current Card: Card(10, D)

Your Hand:
0: Card(Q, C)
1: Card(7, S)
2: Card(6, C)
3: Card(6, D)

Enter 'D' to draw a card, or enter the number of the card to play. 3
[H[2JPlayer: 1
Current Card: Card(6, D)

Your Hand:
0: Card(10, C)
1: Card(4, C)
2: Card(7, C)
3: Card(J, H)
4: Card(10, H)
5: Card(K, S)

Enter 'D' to draw a card, or enter the number of the card to play. d
[H[2JPlayer: 1
Current Card: Card(6, D)

Your Hand:
0: Card(10, C)
1: Card(4, C)
2: Card(7, C)
3: Card(J, H)
4: Card(10, H)
5: Card(K, S)
6: Card(10, S)

Enter 'D' to draw a card, or enter the number of the card to play. d
[H[2JPlayer: 1
Current Card: Card(6, D)

Your Hand:
0: Card(10, C)
1: Card(4, C)
2: Card(7, C)
3: Card(J, H)
4: Card(10, H)
5: Card(K, S)
6: Card(10, S)
7: Card(J, S)

Enter 'D' to draw a card, or enter the number of the card to play. d
[H[2JPlayer: 1
Current Card: Card(6, D)

Your Hand:
0: Card(10, C)
1: Card(4, C)
2: Card(7, C)
3: Card(J, H)
4: Card(10, H)
5: Card(K, S)
6: Card(10, S)
7: Card(J, S)
8: Card(3, S)

Enter 'D' to draw a card, or enter the number of the card to play. d
[H[2JPlayer: 1
Current Card: Card(6, D)

Your Hand:
0: Card(10, C)
1: Card(4, C)
2: Card(7, C)
3: Card(J, H)
4: Card(10, H)
5: Card(K, S)
6: Card(10, S)
7: Card(J, S)
8: Card(3, S)
9: Card(9, D)

Enter 'D' to draw a card, or enter the number of the card to play. 9
[H[2JPlayer: 2
Current Card: Card(9, D)

Your Hand:
0: Card(Q, C)
1: Card(7, S)
2: Card(6, C)

Enter 'D' to draw a card, or enter the number of the card to play. d
[H[2JPlayer: 2
Current Card: Card(9, D)

Your Hand:
0: Card(Q, C)
1: Card(7, S)
2: Card(6, C)
3: Card(8, H)

Enter 'D' to draw a card, or enter the number of the card to play. d
[H[2JPlayer: 2
Current Card: Card(9, D)

Your Hand:
0: Card(Q, C)
1: Card(7, S)
2: Card(6, C)
3: Card(8, H)
4: Card(3, H)

Enter 'D' to draw a card, or enter the number of the card to play. d
[H[2JPlayer: 2
Current Card: Card(9, D)

Your Hand:
0: Card(Q, C)
1: Card(7, S)
2: Card(6, C)
3: Card(8, H)
4: Card(3, H)
5: Card(J, C)

Enter 'D' to draw a card, or enter the number of the card to play. d
[H[2JPlayer: 2
Current Card: Card(9, D)

Your Hand:
0: Card(Q, C)
1: Card(7, S)
2: Card(6, C)
3: Card(8, H)
4: Card(3, H)
5: Card(J, C)
6: Card(4, H)

Enter 'D' to draw a card, or enter the number of the card to play. d
[H[2JPlayer: 2
Current Card: Card(9, D)

Your Hand:
0: Card(Q, C)
1: Card(7, S)
2: Card(6, C)
3: Card(8, H)
4: Card(3, H)
5: Card(J, C)
6: Card(4, H)
7: Card(Q, H)

Enter 'D' to draw a card, or enter the number of the card to play. d
[H[2JPlayer: 2
Current Card: Card(9, D)

Your Hand:
0: Card(Q, C)
1: Card(7, S)
2: Card(6, C)
3: Card(8, H)
4: Card(3, H)
5: Card(J, C)
6: Card(4, H)
7: Card(Q, H)
8: Card(2, C)

Enter 'D' to draw a card, or enter the number of the card to play. d
[H[2JPlayer: 2
Current Card: Card(9, D)

Your Hand:
0: Card(Q, C)
1: Card(7, S)
2: Card(6, C)
3: Card(8, H)
4: Card(3, H)
5: Card(J, C)
6: Card(4, H)
7: Card(Q, H)
8: Card(2, C)
9: Card(8, C)

Enter 'D' to draw a card, or enter the number of the card to play. d
[H[2JPlayer: 2
Current Card: Card(9, D)

Your Hand:
0: Card(Q, C)
1: Card(7, S)
2: Card(6, C)
3: Card(8, H)
4: Card(3, H)
5: Card(J, C)
6: Card(4, H)
7: Card(Q, H)
8: Card(2, C)
9: Card(8, C)
10: Card(9, S)

Enter 'D' to draw a card, or enter the number of the card to play. 10
[H[2JPlayer: 1
Current Card: Card(9, S)

Your Hand:
0: Card(10, C)
1: Card(4, C)
2: Card(7, C)
3: Card(J, H)
4: Card(10, H)
5: Card(K, S)
6: Card(10, S)
7: Card(J, S)
8: Card(3, S)

Enter 'D' to draw a card, or enter the number of the card to play. 6
[H[2JPlayer: 2
Current Card: Card(10, S)

Your Hand:
0: Card(Q, C)
1: Card(7, S)
2: Card(6, C)
3: Card(8, H)
4: Card(3, H)
5: Card(J, C)
6: Card(4, H)
7: Card(Q, H)
8: Card(2, C)
9: Card(8, C)

Enter 'D' to draw a card, or enter the number of the card to play. 1
[H[2JPlayer: 1
Current Card: Card(7, S)

Your Hand:
0: Card(10, C)
1: Card(4, C)
2: Card(7, C)
3: Card(J, H)
4: Card(10, H)
5: Card(K, S)
6: Card(J, S)
7: Card(3, S)

Enter 'D' to draw a card, or enter the number of the card to play. 2
[H[2JPlayer: 2
Current Card: Card(7, C)

Your Hand:
0: Card(Q, C)
1: Card(6, C)
2: Card(8, H)
3: Card(3, H)
4: Card(J, C)
5: Card(4, H)
6: Card(Q, H)
7: Card(2, C)
8: Card(8, C)

Enter 'D' to draw a card, or enter the number of the card to play. 0
[H[2JPlayer: 1
Current Card: Card(Q, C)

Your Hand:
0: Card(10, C)
1: Card(4, C)
2: Card(J, H)
3: Card(10, H)
4: Card(K, S)
5: Card(J, S)
6: Card(3, S)

Enter 'D' to draw a card, or enter the number of the card to play. 0
[H[2JPlayer: 2
Current Card: Card(10, C)

Your Hand:
0: Card(6, C)
1: Card(8, H)
2: Card(3, H)
3: Card(J, C)
4: Card(4, H)
5: Card(Q, H)
6: Card(2, C)
7: Card(8, C)

Enter 'D' to draw a card, or enter the number of the card to play. 0
[H[2JPlayer: 1
Current Card: Card(6, C)

Your Hand:
0: Card(4, C)
1: Card(J, H)
2: Card(10, H)
3: Card(K, S)
4: Card(J, S)
5: Card(3, S)

Enter 'D' to draw a card, or enter the number of the card to play. 
[H[2JPlayer: 1
Current Card: Card(6, C)

Your Hand:
0: Card(4, C)
1: Card(J, H)
2: Card(10, H)
3: Card(K, S)
4: Card(J, S)
5: Card(3, S)

Enter 'D' to draw a card, or enter the number of the card to play. 0
[H[2JPlayer: 2
Current Card: Card(4, C)

Your Hand:
0: Card(8, H)
1: Card(3, H)
2: Card(J, C)
3: Card(4, H)
4: Card(Q, H)
5: Card(2, C)
6: Card(8, C)

Enter 'D' to draw a card, or enter the number of the card to play. 3
[H[2JPlayer: 1
Current Card: Card(4, H)

Your Hand:
0: Card(J, H)
1: Card(10, H)
2: Card(K, S)
3: Card(J, S)
4: Card(3, S)

Enter 'D' to draw a card, or enter the number of the card to play. 1
[H[2JPlayer: 2
Current Card: Card(10, H)

Your Hand:
0: Card(8, H)
1: Card(3, H)
2: Card(J, C)
3: Card(Q, H)
4: Card(2, C)
5: Card(8, C)

Enter 'D' to draw a card, or enter the number of the card to play. 1
[H[2JPlayer: 1
Current Card: Card(3, H)

Your Hand:
0: Card(J, H)
1: Card(K, S)
2: Card(J, S)
3: Card(3, S)

Enter 'D' to draw a card, or enter the number of the card to play. 0
[H[2JPlayer: 2
Current Card: Card(J, H)

Your Hand:
0: Card(8, H)
1: Card(J, C)
2: Card(Q, H)
3: Card(2, C)
4: Card(8, C)

Enter 'D' to draw a card, or enter the number of the card to play. 1
[H[2JPlayer: 1
Current Card: Card(J, C)

Your Hand:
0: Card(K, S)
1: Card(J, S)
2: Card(3, S)

Enter 'D' to draw a card, or enter the number of the card to play. 1
[H[2JPlayer: 2
Current Card: Card(J, S)

Your Hand:
0: Card(8, H)
1: Card(Q, H)
2: Card(2, C)
3: Card(8, C)

Enter 'D' to draw a card, or enter the number of the card to play. d
[H[2JPlayer: 2
Current Card: Card(J, S)

Your Hand:
0: Card(8, H)
1: Card(Q, H)
2: Card(2, C)
3: Card(8, C)
4: Card(3, C)

Enter 'D' to draw a card, or enter the number of the card to play. d
[H[2JPlayer: 2
Current Card: Card(J, S)

Your Hand:
0: Card(8, H)
1: Card(Q, H)
2: Card(2, C)
3: Card(8, C)
4: Card(3, C)
5: Card(2, S)

Enter 'D' to draw a card, or enter the number of the card to play. 5
[H[2JPlayer: 1
Current Card: Card(2, S)

Your Hand:
0: Card(K, S)
1: Card(3, S)

Enter 'D' to draw a card, or enter the number of the card to play. 1
[H[2JPlayer: 2
Current Card: Card(3, S)

Your Hand:
0: Card(8, H)
1: Card(Q, H)
2: Card(2, C)
3: Card(8, C)
4: Card(3, C)

Enter 'D' to draw a card, or enter the number of the card to play. 4
[H[2JPlayer: 1
Current Card: Card(3, C)

Your Hand:
0: Card(K, S)

Enter 'D' to draw a card, or enter the number of the card to play. d
[H[2JPlayer: 1
Current Card: Card(3, C)

Your Hand:
0: Card(K, S)
1: Card(9, H)

Enter 'D' to draw a card, or enter the number of the card to play. d
[H[2JPlayer: 1
Current Card: Card(3, C)

Your Hand:
0: Card(K, S)
1: Card(9, H)
2: Card(5, C)

Enter 'D' to draw a card, or enter the number of the card to play. 2
[H[2JPlayer: 2
Current Card: Card(5, C)

Your Hand:
0: Card(8, H)
1: Card(Q, H)
2: Card(2, C)
3: Card(8, C)

Enter 'D' to draw a card, or enter the number of the card to play. 2
[H[2JPlayer: 1
Current Card: Card(2, C)

Your Hand:
0: Card(K, S)
1: Card(9, H)

Enter 'D' to draw a card, or enter the number of the card to play. d
[H[2JPlayer: 1
Current Card: Card(2, C)

Your Hand:
0: Card(K, S)
1: Card(9, H)
2: Card(5, S)

Enter 'D' to draw a card, or enter the number of the card to play. d
[H[2JPlayer: 1
Current Card: Card(2, C)

Your Hand:
0: Card(K, S)
1: Card(9, H)
2: Card(5, S)
3: Card(3, D)

Enter 'D' to draw a card, or enter the number of the card to play. d
[H[2JPlayer: 1
Current Card: Card(2, C)

Your Hand:
0: Card(K, S)
1: Card(9, H)
2: Card(5, S)
3: Card(3, D)
4: Card(Q, D)

Enter 'D' to draw a card, or enter the number of the card to play. d
[H[2JPlayer: 1
Current Card: Card(2, C)

Your Hand:
0: Card(K, S)
1: Card(9, H)
2: Card(5, S)
3: Card(3, D)
4: Card(Q, D)
5: Card(K, D)

Enter 'D' to draw a card, or enter the number of the card to play. d
[H[2JPlayer: 1
Current Card: Card(2, C)

Your Hand:
0: Card(K, S)
1: Card(9, H)
2: Card(5, S)
3: Card(3, D)
4: Card(Q, D)
5: Card(K, D)
6: Card(8, D)

Enter 'D' to draw a card, or enter the number of the card to play. d
[H[2JPlayer: 1
Current Card: Card(2, C)

Your Hand:
0: Card(K, S)
1: Card(9, H)
2: Card(5, S)
3: Card(3, D)
4: Card(Q, D)
5: Card(K, D)
6: Card(8, D)
7: Card(K, C)

Enter 'D' to draw a card, or enter the number of the card to play. 7
[H[2JPlayer: 2
Current Card: Card(K, C)

Your Hand:
0: Card(8, H)
1: Card(Q, H)
2: Card(8, C)

Enter 'D' to draw a card, or enter the number of the card to play. 2
You played an 8! What suit (C, D, H, S) would you like to choose? h
[H[2JPlayer: 1
Current Suit: H
Your Hand:
0: Card(K, S)
1: Card(9, H)
2: Card(5, S)
3: Card(3, D)
4: Card(Q, D)
5: Card(K, D)
6: Card(8, D)

Enter 'D' to draw a card, or enter the number of the card to play. 1
[H[2JPlayer: 2
Current Card: Card(9, H)

Your Hand:
0: Card(8, H)
1: Card(Q, H)

Enter 'D' to draw a card, or enter the number of the card to play. 0
You played an 8! What suit (C, D, H, S) would you like to choose? h
[H[2JPlayer: 1
Current Suit: H
Your Hand:
0: Card(K, S)
1: Card(5, S)
2: Card(3, D)
3: Card(Q, D)
4: Card(K, D)
5: Card(8, D)

Enter 'D' to draw a card, or enter the number of the card to play. d
[H[2JPlayer: 1
Current Suit: H
Your Hand:
0: Card(K, S)
1: Card(5, S)
2: Card(3, D)
3: Card(Q, D)
4: Card(K, D)
5: Card(8, D)
6: Card(4, D)

Enter 'D' to draw a card, or enter the number of the card to play. 5
You played an 8! What suit (C, D, H, S) would you like to choose? h
[H[2JPlayer: 2
Current Suit: H
Your Hand:
0: Card(Q, H)

Enter 'D' to draw a card, or enter the number of the card to play. 0
Game over! Player 2 wins!
bash-3.2$ exit
exit

Script done on Sat Apr 14 18:34:53 2018
