Script started on Sat Apr 14 18:35:02 2018
[?1034hbash-3.2$ python3 game.py
[H[2JPlayer: 1
Current Card: Card(J, D)

Your Hand:
0: Card(2, D)
1: Card(8, D)
2: Card(A, S)
3: Card(9, D)
4: Card(10, S)

Enter 'D' to draw a card, or enter the number of the card to play. d
[H[2JPlayer: 1
Current Card: Card(J, D)

Your Hand:
0: Card(2, D)
1: Card(8, D)
2: Card(A, S)
3: Card(9, D)
4: Card(10, S)
5: Card(4, D)

Enter 'D' to draw a card, or enter the number of the card to play. d
[H[2JPlayer: 1
Current Card: Card(J, D)

Your Hand:
0: Card(2, D)
1: Card(8, D)
2: Card(A, S)
3: Card(9, D)
4: Card(10, S)
5: Card(4, D)
6: Card(6, C)

Enter 'D' to draw a card, or enter the number of the card to play. d
[H[2JPlayer: 1
Current Card: Card(J, D)

Your Hand:
0: Card(2, D)
1: Card(8, D)
2: Card(A, S)
3: Card(9, D)
4: Card(10, S)
5: Card(4, D)
6: Card(6, C)
7: Card(8, C)

Enter 'D' to draw a card, or enter the number of the card to play. d
[H[2JPlayer: 1
Current Card: Card(J, D)

Your Hand:
0: Card(2, D)
1: Card(8, D)
2: Card(A, S)
3: Card(9, D)
4: Card(10, S)
5: Card(4, D)
6: Card(6, C)
7: Card(8, C)
8: Card(J, C)

Enter 'D' to draw a card, or enter the number of the card to play. d
[H[2JPlayer: 1
Current Card: Card(J, D)

Your Hand:
0: Card(2, D)
1: Card(8, D)
2: Card(A, S)
3: Card(9, D)
4: Card(10, S)
5: Card(4, D)
6: Card(6, C)
7: Card(8, C)
8: Card(J, C)
9: Card(10, D)

Enter 'D' to draw a card, or enter the number of the card to play. d
[H[2JPlayer: 1
Current Card: Card(J, D)

Your Hand:
0: Card(2, D)
1: Card(8, D)
2: Card(A, S)
3: Card(9, D)
4: Card(10, S)
5: Card(4, D)
6: Card(6, C)
7: Card(8, C)
8: Card(J, C)
9: Card(10, D)
10: Card(6, D)

Enter 'D' to draw a card, or enter the number of the card to play. f
[H[2JPlayer: 1
Current Card: Card(J, D)

Your Hand:
0: Card(2, D)
1: Card(8, D)
2: Card(A, S)
3: Card(9, D)
4: Card(10, S)
5: Card(4, D)
6: Card(6, C)
7: Card(8, C)
8: Card(J, C)
9: Card(10, D)
10: Card(6, D)

Enter 'D' to draw a card, or enter the number of the card to play. d
[H[2JPlayer: 1
Current Card: Card(J, D)

Your Hand:
0: Card(2, D)
1: Card(8, D)
2: Card(A, S)
3: Card(9, D)
4: Card(10, S)
5: Card(4, D)
6: Card(6, C)
7: Card(8, C)
8: Card(J, C)
9: Card(10, D)
10: Card(6, D)
11: Card(K, C)

Enter 'D' to draw a card, or enter the number of the card to play. d
[H[2JPlayer: 1
Current Card: Card(J, D)

Your Hand:
0: Card(2, D)
1: Card(8, D)
2: Card(A, S)
3: Card(9, D)
4: Card(10, S)
5: Card(4, D)
6: Card(6, C)
7: Card(8, C)
8: Card(J, C)
9: Card(10, D)
10: Card(6, D)
11: Card(K, C)
12: Card(2, S)

Enter 'D' to draw a card, or enter the number of the card to play. d
[H[2JPlayer: 1
Current Card: Card(J, D)

Your Hand:
0: Card(2, D)
1: Card(8, D)
2: Card(A, S)
3: Card(9, D)
4: Card(10, S)
5: Card(4, D)
6: Card(6, C)
7: Card(8, C)
8: Card(J, C)
9: Card(10, D)
10: Card(6, D)
11: Card(K, C)
12: Card(2, S)
13: Card(9, H)

Enter 'D' to draw a card, or enter the number of the card to play. d
[H[2JPlayer: 1
Current Card: Card(J, D)

Your Hand:
0: Card(2, D)
1: Card(8, D)
2: Card(A, S)
3: Card(9, D)
4: Card(10, S)
5: Card(4, D)
6: Card(6, C)
7: Card(8, C)
8: Card(J, C)
9: Card(10, D)
10: Card(6, D)
11: Card(K, C)
12: Card(2, S)
13: Card(9, H)
14: Card(5, S)

Enter 'D' to draw a card, or enter the number of the card to play. d
[H[2JPlayer: 1
Current Card: Card(J, D)

Your Hand:
0: Card(2, D)
1: Card(8, D)
2: Card(A, S)
3: Card(9, D)
4: Card(10, S)
5: Card(4, D)
6: Card(6, C)
7: Card(8, C)
8: Card(J, C)
9: Card(10, D)
10: Card(6, D)
11: Card(K, C)
12: Card(2, S)
13: Card(9, H)
14: Card(5, S)
15: Card(K, D)

Enter 'D' to draw a card, or enter the number of the card to play. d
[H[2JPlayer: 1
Current Card: Card(J, D)

Your Hand:
0: Card(2, D)
1: Card(8, D)
2: Card(A, S)
3: Card(9, D)
4: Card(10, S)
5: Card(4, D)
6: Card(6, C)
7: Card(8, C)
8: Card(J, C)
9: Card(10, D)
10: Card(6, D)
11: Card(K, C)
12: Card(2, S)
13: Card(9, H)
14: Card(5, S)
15: Card(K, D)
16: Card(J, H)

Enter 'D' to draw a card, or enter the number of the card to play. d
[H[2JPlayer: 1
Current Card: Card(J, D)

Your Hand:
0: Card(2, D)
1: Card(8, D)
2: Card(A, S)
3: Card(9, D)
4: Card(10, S)
5: Card(4, D)
6: Card(6, C)
7: Card(8, C)
8: Card(J, C)
9: Card(10, D)
10: Card(6, D)
11: Card(K, C)
12: Card(2, S)
13: Card(9, H)
14: Card(5, S)
15: Card(K, D)
16: Card(J, H)
17: Card(7, C)

Enter 'D' to draw a card, or enter the number of the card to play. d
[H[2JPlayer: 1
Current Card: Card(J, D)

Your Hand:
0: Card(2, D)
1: Card(8, D)
2: Card(A, S)
3: Card(9, D)
4: Card(10, S)
5: Card(4, D)
6: Card(6, C)
7: Card(8, C)
8: Card(J, C)
9: Card(10, D)
10: Card(6, D)
11: Card(K, C)
12: Card(2, S)
13: Card(9, H)
14: Card(5, S)
15: Card(K, D)
16: Card(J, H)
17: Card(7, C)
18: Card(10, H)

Enter 'D' to draw a card, or enter the number of the card to play. d
[H[2JPlayer: 1
Current Card: Card(J, D)

Your Hand:
0: Card(2, D)
1: Card(8, D)
2: Card(A, S)
3: Card(9, D)
4: Card(10, S)
5: Card(4, D)
6: Card(6, C)
7: Card(8, C)
8: Card(J, C)
9: Card(10, D)
10: Card(6, D)
11: Card(K, C)
12: Card(2, S)
13: Card(9, H)
14: Card(5, S)
15: Card(K, D)
16: Card(J, H)
17: Card(7, C)
18: Card(10, H)
19: Card(Q, S)

Enter 'D' to draw a card, or enter the number of the card to play. d
[H[2JPlayer: 1
Current Card: Card(J, D)

Your Hand:
0: Card(2, D)
1: Card(8, D)
2: Card(A, S)
3: Card(9, D)
4: Card(10, S)
5: Card(4, D)
6: Card(6, C)
7: Card(8, C)
8: Card(J, C)
9: Card(10, D)
10: Card(6, D)
11: Card(K, C)
12: Card(2, S)
13: Card(9, H)
14: Card(5, S)
15: Card(K, D)
16: Card(J, H)
17: Card(7, C)
18: Card(10, H)
19: Card(Q, S)
20: Card(4, S)

Enter 'D' to draw a card, or enter the number of the card to play. d
[H[2JPlayer: 1
Current Card: Card(J, D)

Your Hand:
0: Card(2, D)
1: Card(8, D)
2: Card(A, S)
3: Card(9, D)
4: Card(10, S)
5: Card(4, D)
6: Card(6, C)
7: Card(8, C)
8: Card(J, C)
9: Card(10, D)
10: Card(6, D)
11: Card(K, C)
12: Card(2, S)
13: Card(9, H)
14: Card(5, S)
15: Card(K, D)
16: Card(J, H)
17: Card(7, C)
18: Card(10, H)
19: Card(Q, S)
20: Card(4, S)
21: Card(7, S)

Enter 'D' to draw a card, or enter the number of the card to play. d
[H[2JPlayer: 1
Current Card: Card(J, D)

Your Hand:
0: Card(2, D)
1: Card(8, D)
2: Card(A, S)
3: Card(9, D)
4: Card(10, S)
5: Card(4, D)
6: Card(6, C)
7: Card(8, C)
8: Card(J, C)
9: Card(10, D)
10: Card(6, D)
11: Card(K, C)
12: Card(2, S)
13: Card(9, H)
14: Card(5, S)
15: Card(K, D)
16: Card(J, H)
17: Card(7, C)
18: Card(10, H)
19: Card(Q, S)
20: Card(4, S)
21: Card(7, S)
22: Card(3, S)

Enter 'D' to draw a card, or enter the number of the card to play. d
[H[2JPlayer: 1
Current Card: Card(J, D)

Your Hand:
0: Card(2, D)
1: Card(8, D)
2: Card(A, S)
3: Card(9, D)
4: Card(10, S)
5: Card(4, D)
6: Card(6, C)
7: Card(8, C)
8: Card(J, C)
9: Card(10, D)
10: Card(6, D)
11: Card(K, C)
12: Card(2, S)
13: Card(9, H)
14: Card(5, S)
15: Card(K, D)
16: Card(J, H)
17: Card(7, C)
18: Card(10, H)
19: Card(Q, S)
20: Card(4, S)
21: Card(7, S)
22: Card(3, S)
23: Card(7, D)

Enter 'D' to draw a card, or enter the number of the card to play. d
[H[2JPlayer: 1
Current Card: Card(J, D)

Your Hand:
0: Card(2, D)
1: Card(8, D)
2: Card(A, S)
3: Card(9, D)
4: Card(10, S)
5: Card(4, D)
6: Card(6, C)
7: Card(8, C)
8: Card(J, C)
9: Card(10, D)
10: Card(6, D)
11: Card(K, C)
12: Card(2, S)
13: Card(9, H)
14: Card(5, S)
15: Card(K, D)
16: Card(J, H)
17: Card(7, C)
18: Card(10, H)
19: Card(Q, S)
20: Card(4, S)
21: Card(7, S)
22: Card(3, S)
23: Card(7, D)
24: Card(6, H)

Enter 'D' to draw a card, or enter the number of the card to play. d
[H[2JPlayer: 1
Current Card: Card(J, D)

Your Hand:
0: Card(2, D)
1: Card(8, D)
2: Card(A, S)
3: Card(9, D)
4: Card(10, S)
5: Card(4, D)
6: Card(6, C)
7: Card(8, C)
8: Card(J, C)
9: Card(10, D)
10: Card(6, D)
11: Card(K, C)
12: Card(2, S)
13: Card(9, H)
14: Card(5, S)
15: Card(K, D)
16: Card(J, H)
17: Card(7, C)
18: Card(10, H)
19: Card(Q, S)
20: Card(4, S)
21: Card(7, S)
22: Card(3, S)
23: Card(7, D)
24: Card(6, H)
25: Card(5, H)

Enter 'D' to draw a card, or enter the number of the card to play. d
[H[2JPlayer: 1
Current Card: Card(J, D)

Your Hand:
0: Card(2, D)
1: Card(8, D)
2: Card(A, S)
3: Card(9, D)
4: Card(10, S)
5: Card(4, D)
6: Card(6, C)
7: Card(8, C)
8: Card(J, C)
9: Card(10, D)
10: Card(6, D)
11: Card(K, C)
12: Card(2, S)
13: Card(9, H)
14: Card(5, S)
15: Card(K, D)
16: Card(J, H)
17: Card(7, C)
18: Card(10, H)
19: Card(Q, S)
20: Card(4, S)
21: Card(7, S)
22: Card(3, S)
23: Card(7, D)
24: Card(6, H)
25: Card(5, H)
26: Card(5, C)

Enter 'D' to draw a card, or enter the number of the card to play. d
[H[2JPlayer: 1
Current Card: Card(J, D)

Your Hand:
0: Card(2, D)
1: Card(8, D)
2: Card(A, S)
3: Card(9, D)
4: Card(10, S)
5: Card(4, D)
6: Card(6, C)
7: Card(8, C)
8: Card(J, C)
9: Card(10, D)
10: Card(6, D)
11: Card(K, C)
12: Card(2, S)
13: Card(9, H)
14: Card(5, S)
15: Card(K, D)
16: Card(J, H)
17: Card(7, C)
18: Card(10, H)
19: Card(Q, S)
20: Card(4, S)
21: Card(7, S)
22: Card(3, S)
23: Card(7, D)
24: Card(6, H)
25: Card(5, H)
26: Card(5, C)
27: Card(Q, C)

Enter 'D' to draw a card, or enter the number of the card to play. d
[H[2JPlayer: 1
Current Card: Card(J, D)

Your Hand:
0: Card(2, D)
1: Card(8, D)
2: Card(A, S)
3: Card(9, D)
4: Card(10, S)
5: Card(4, D)
6: Card(6, C)
7: Card(8, C)
8: Card(J, C)
9: Card(10, D)
10: Card(6, D)
11: Card(K, C)
12: Card(2, S)
13: Card(9, H)
14: Card(5, S)
15: Card(K, D)
16: Card(J, H)
17: Card(7, C)
18: Card(10, H)
19: Card(Q, S)
20: Card(4, S)
21: Card(7, S)
22: Card(3, S)
23: Card(7, D)
24: Card(6, H)
25: Card(5, H)
26: Card(5, C)
27: Card(Q, C)
28: Card(8, S)

Enter 'D' to draw a card, or enter the number of the card to play. d
[H[2JPlayer: 1
Current Card: Card(J, D)

Your Hand:
0: Card(2, D)
1: Card(8, D)
2: Card(A, S)
3: Card(9, D)
4: Card(10, S)
5: Card(4, D)
6: Card(6, C)
7: Card(8, C)
8: Card(J, C)
9: Card(10, D)
10: Card(6, D)
11: Card(K, C)
12: Card(2, S)
13: Card(9, H)
14: Card(5, S)
15: Card(K, D)
16: Card(J, H)
17: Card(7, C)
18: Card(10, H)
19: Card(Q, S)
20: Card(4, S)
21: Card(7, S)
22: Card(3, S)
23: Card(7, D)
24: Card(6, H)
25: Card(5, H)
26: Card(5, C)
27: Card(Q, C)
28: Card(8, S)
29: Card(9, S)

Enter 'D' to draw a card, or enter the number of the card to play. d
[H[2JPlayer: 1
Current Card: Card(J, D)

Your Hand:
0: Card(2, D)
1: Card(8, D)
2: Card(A, S)
3: Card(9, D)
4: Card(10, S)
5: Card(4, D)
6: Card(6, C)
7: Card(8, C)
8: Card(J, C)
9: Card(10, D)
10: Card(6, D)
11: Card(K, C)
12: Card(2, S)
13: Card(9, H)
14: Card(5, S)
15: Card(K, D)
16: Card(J, H)
17: Card(7, C)
18: Card(10, H)
19: Card(Q, S)
20: Card(4, S)
21: Card(7, S)
22: Card(3, S)
23: Card(7, D)
24: Card(6, H)
25: Card(5, H)
26: Card(5, C)
27: Card(Q, C)
28: Card(8, S)
29: Card(9, S)
30: Card(3, D)

Enter 'D' to draw a card, or enter the number of the card to play. d
[H[2JPlayer: 1
Current Card: Card(J, D)

Your Hand:
0: Card(2, D)
1: Card(8, D)
2: Card(A, S)
3: Card(9, D)
4: Card(10, S)
5: Card(4, D)
6: Card(6, C)
7: Card(8, C)
8: Card(J, C)
9: Card(10, D)
10: Card(6, D)
11: Card(K, C)
12: Card(2, S)
13: Card(9, H)
14: Card(5, S)
15: Card(K, D)
16: Card(J, H)
17: Card(7, C)
18: Card(10, H)
19: Card(Q, S)
20: Card(4, S)
21: Card(7, S)
22: Card(3, S)
23: Card(7, D)
24: Card(6, H)
25: Card(5, H)
26: Card(5, C)
27: Card(Q, C)
28: Card(8, S)
29: Card(9, S)
30: Card(3, D)
31: Card(2, H)

Enter 'D' to draw a card, or enter the number of the card to play. d
[H[2JPlayer: 1
Current Card: Card(J, D)

Your Hand:
0: Card(2, D)
1: Card(8, D)
2: Card(A, S)
3: Card(9, D)
4: Card(10, S)
5: Card(4, D)
6: Card(6, C)
7: Card(8, C)
8: Card(J, C)
9: Card(10, D)
10: Card(6, D)
11: Card(K, C)
12: Card(2, S)
13: Card(9, H)
14: Card(5, S)
15: Card(K, D)
16: Card(J, H)
17: Card(7, C)
18: Card(10, H)
19: Card(Q, S)
20: Card(4, S)
21: Card(7, S)
22: Card(3, S)
23: Card(7, D)
24: Card(6, H)
25: Card(5, H)
26: Card(5, C)
27: Card(Q, C)
28: Card(8, S)
29: Card(9, S)
30: Card(3, D)
31: Card(2, H)
32: Card(3, H)

Enter 'D' to draw a card, or enter the number of the card to play. d
[H[2JPlayer: 1
Current Card: Card(J, D)

Your Hand:
0: Card(2, D)
1: Card(8, D)
2: Card(A, S)
3: Card(9, D)
4: Card(10, S)
5: Card(4, D)
6: Card(6, C)
7: Card(8, C)
8: Card(J, C)
9: Card(10, D)
10: Card(6, D)
11: Card(K, C)
12: Card(2, S)
13: Card(9, H)
14: Card(5, S)
15: Card(K, D)
16: Card(J, H)
17: Card(7, C)
18: Card(10, H)
19: Card(Q, S)
20: Card(4, S)
21: Card(7, S)
22: Card(3, S)
23: Card(7, D)
24: Card(6, H)
25: Card(5, H)
26: Card(5, C)
27: Card(Q, C)
28: Card(8, S)
29: Card(9, S)
30: Card(3, D)
31: Card(2, H)
32: Card(3, H)
33: Card(A, H)

Enter 'D' to draw a card, or enter the number of the card to play. d
[H[2JPlayer: 1
Current Card: Card(J, D)

Your Hand:
0: Card(2, D)
1: Card(8, D)
2: Card(A, S)
3: Card(9, D)
4: Card(10, S)
5: Card(4, D)
6: Card(6, C)
7: Card(8, C)
8: Card(J, C)
9: Card(10, D)
10: Card(6, D)
11: Card(K, C)
12: Card(2, S)
13: Card(9, H)
14: Card(5, S)
15: Card(K, D)
16: Card(J, H)
17: Card(7, C)
18: Card(10, H)
19: Card(Q, S)
20: Card(4, S)
21: Card(7, S)
22: Card(3, S)
23: Card(7, D)
24: Card(6, H)
25: Card(5, H)
26: Card(5, C)
27: Card(Q, C)
28: Card(8, S)
29: Card(9, S)
30: Card(3, D)
31: Card(2, H)
32: Card(3, H)
33: Card(A, H)
34: Card(K, H)

Enter 'D' to draw a card, or enter the number of the card to play. d
[H[2JPlayer: 1
Current Card: Card(J, D)

Your Hand:
0: Card(2, D)
1: Card(8, D)
2: Card(A, S)
3: Card(9, D)
4: Card(10, S)
5: Card(4, D)
6: Card(6, C)
7: Card(8, C)
8: Card(J, C)
9: Card(10, D)
10: Card(6, D)
11: Card(K, C)
12: Card(2, S)
13: Card(9, H)
14: Card(5, S)
15: Card(K, D)
16: Card(J, H)
17: Card(7, C)
18: Card(10, H)
19: Card(Q, S)
20: Card(4, S)
21: Card(7, S)
22: Card(3, S)
23: Card(7, D)
24: Card(6, H)
25: Card(5, H)
26: Card(5, C)
27: Card(Q, C)
28: Card(8, S)
29: Card(9, S)
30: Card(3, D)
31: Card(2, H)
32: Card(3, H)
33: Card(A, H)
34: Card(K, H)
35: Card(4, C)

Enter 'D' to draw a card, or enter the number of the card to play. df
[H[2JPlayer: 1
Current Card: Card(J, D)

Your Hand:
0: Card(2, D)
1: Card(8, D)
2: Card(A, S)
3: Card(9, D)
4: Card(10, S)
5: Card(4, D)
6: Card(6, C)
7: Card(8, C)
8: Card(J, C)
9: Card(10, D)
10: Card(6, D)
11: Card(K, C)
12: Card(2, S)
13: Card(9, H)
14: Card(5, S)
15: Card(K, D)
16: Card(J, H)
17: Card(7, C)
18: Card(10, H)
19: Card(Q, S)
20: Card(4, S)
21: Card(7, S)
22: Card(3, S)
23: Card(7, D)
24: Card(6, H)
25: Card(5, H)
26: Card(5, C)
27: Card(Q, C)
28: Card(8, S)
29: Card(9, S)
30: Card(3, D)
31: Card(2, H)
32: Card(3, H)
33: Card(A, H)
34: Card(K, H)
35: Card(4, C)

Enter 'D' to draw a card, or enter the number of the card to play. d
[H[2JPlayer: 1
Current Card: Card(J, D)

Your Hand:
0: Card(2, D)
1: Card(8, D)
2: Card(A, S)
3: Card(9, D)
4: Card(10, S)
5: Card(4, D)
6: Card(6, C)
7: Card(8, C)
8: Card(J, C)
9: Card(10, D)
10: Card(6, D)
11: Card(K, C)
12: Card(2, S)
13: Card(9, H)
14: Card(5, S)
15: Card(K, D)
16: Card(J, H)
17: Card(7, C)
18: Card(10, H)
19: Card(Q, S)
20: Card(4, S)
21: Card(7, S)
22: Card(3, S)
23: Card(7, D)
24: Card(6, H)
25: Card(5, H)
26: Card(5, C)
27: Card(Q, C)
28: Card(8, S)
29: Card(9, S)
30: Card(3, D)
31: Card(2, H)
32: Card(3, H)
33: Card(A, H)
34: Card(K, H)
35: Card(4, C)
36: Card(K, S)

Enter 'D' to draw a card, or enter the number of the card to play. d
[H[2JPlayer: 1
Current Card: Card(J, D)

Your Hand:
0: Card(2, D)
1: Card(8, D)
2: Card(A, S)
3: Card(9, D)
4: Card(10, S)
5: Card(4, D)
6: Card(6, C)
7: Card(8, C)
8: Card(J, C)
9: Card(10, D)
10: Card(6, D)
11: Card(K, C)
12: Card(2, S)
13: Card(9, H)
14: Card(5, S)
15: Card(K, D)
16: Card(J, H)
17: Card(7, C)
18: Card(10, H)
19: Card(Q, S)
20: Card(4, S)
21: Card(7, S)
22: Card(3, S)
23: Card(7, D)
24: Card(6, H)
25: Card(5, H)
26: Card(5, C)
27: Card(Q, C)
28: Card(8, S)
29: Card(9, S)
30: Card(3, D)
31: Card(2, H)
32: Card(3, H)
33: Card(A, H)
34: Card(K, H)
35: Card(4, C)
36: Card(K, S)
37: Card(3, C)

Enter 'D' to draw a card, or enter the number of the card to play. d
[H[2JPlayer: 1
Current Card: Card(J, D)

Your Hand:
0: Card(2, D)
1: Card(8, D)
2: Card(A, S)
3: Card(9, D)
4: Card(10, S)
5: Card(4, D)
6: Card(6, C)
7: Card(8, C)
8: Card(J, C)
9: Card(10, D)
10: Card(6, D)
11: Card(K, C)
12: Card(2, S)
13: Card(9, H)
14: Card(5, S)
15: Card(K, D)
16: Card(J, H)
17: Card(7, C)
18: Card(10, H)
19: Card(Q, S)
20: Card(4, S)
21: Card(7, S)
22: Card(3, S)
23: Card(7, D)
24: Card(6, H)
25: Card(5, H)
26: Card(5, C)
27: Card(Q, C)
28: Card(8, S)
29: Card(9, S)
30: Card(3, D)
31: Card(2, H)
32: Card(3, H)
33: Card(A, H)
34: Card(K, H)
35: Card(4, C)
36: Card(K, S)
37: Card(3, C)
38: Card(J, S)

Enter 'D' to draw a card, or enter the number of the card to play. dd
[H[2JPlayer: 1
Current Card: Card(J, D)

Your Hand:
0: Card(2, D)
1: Card(8, D)
2: Card(A, S)
3: Card(9, D)
4: Card(10, S)
5: Card(4, D)
6: Card(6, C)
7: Card(8, C)
8: Card(J, C)
9: Card(10, D)
10: Card(6, D)
11: Card(K, C)
12: Card(2, S)
13: Card(9, H)
14: Card(5, S)
15: Card(K, D)
16: Card(J, H)
17: Card(7, C)
18: Card(10, H)
19: Card(Q, S)
20: Card(4, S)
21: Card(7, S)
22: Card(3, S)
23: Card(7, D)
24: Card(6, H)
25: Card(5, H)
26: Card(5, C)
27: Card(Q, C)
28: Card(8, S)
29: Card(9, S)
30: Card(3, D)
31: Card(2, H)
32: Card(3, H)
33: Card(A, H)
34: Card(K, H)
35: Card(4, C)
36: Card(K, S)
37: Card(3, C)
38: Card(J, S)

Enter 'D' to draw a card, or enter the number of the card to play. dd
[H[2JPlayer: 1
Current Card: Card(J, D)

Your Hand:
0: Card(2, D)
1: Card(8, D)
2: Card(A, S)
3: Card(9, D)
4: Card(10, S)
5: Card(4, D)
6: Card(6, C)
7: Card(8, C)
8: Card(J, C)
9: Card(10, D)
10: Card(6, D)
11: Card(K, C)
12: Card(2, S)
13: Card(9, H)
14: Card(5, S)
15: Card(K, D)
16: Card(J, H)
17: Card(7, C)
18: Card(10, H)
19: Card(Q, S)
20: Card(4, S)
21: Card(7, S)
22: Card(3, S)
23: Card(7, D)
24: Card(6, H)
25: Card(5, H)
26: Card(5, C)
27: Card(Q, C)
28: Card(8, S)
29: Card(9, S)
30: Card(3, D)
31: Card(2, H)
32: Card(3, H)
33: Card(A, H)
34: Card(K, H)
35: Card(4, C)
36: Card(K, S)
37: Card(3, C)
38: Card(J, S)

Enter 'D' to draw a card, or enter the number of the card to play. d
[H[2JPlayer: 1
Current Card: Card(J, D)

Your Hand:
0: Card(2, D)
1: Card(8, D)
2: Card(A, S)
3: Card(9, D)
4: Card(10, S)
5: Card(4, D)
6: Card(6, C)
7: Card(8, C)
8: Card(J, C)
9: Card(10, D)
10: Card(6, D)
11: Card(K, C)
12: Card(2, S)
13: Card(9, H)
14: Card(5, S)
15: Card(K, D)
16: Card(J, H)
17: Card(7, C)
18: Card(10, H)
19: Card(Q, S)
20: Card(4, S)
21: Card(7, S)
22: Card(3, S)
23: Card(7, D)
24: Card(6, H)
25: Card(5, H)
26: Card(5, C)
27: Card(Q, C)
28: Card(8, S)
29: Card(9, S)
30: Card(3, D)
31: Card(2, H)
32: Card(3, H)
33: Card(A, H)
34: Card(K, H)
35: Card(4, C)
36: Card(K, S)
37: Card(3, C)
38: Card(J, S)
39: Card(8, H)

Enter 'D' to draw a card, or enter the number of the card to play. d
[H[2JPlayer: 1
Current Card: Card(J, D)

Your Hand:
0: Card(2, D)
1: Card(8, D)
2: Card(A, S)
3: Card(9, D)
4: Card(10, S)
5: Card(4, D)
6: Card(6, C)
7: Card(8, C)
8: Card(J, C)
9: Card(10, D)
10: Card(6, D)
11: Card(K, C)
12: Card(2, S)
13: Card(9, H)
14: Card(5, S)
15: Card(K, D)
16: Card(J, H)
17: Card(7, C)
18: Card(10, H)
19: Card(Q, S)
20: Card(4, S)
21: Card(7, S)
22: Card(3, S)
23: Card(7, D)
24: Card(6, H)
25: Card(5, H)
26: Card(5, C)
27: Card(Q, C)
28: Card(8, S)
29: Card(9, S)
30: Card(3, D)
31: Card(2, H)
32: Card(3, H)
33: Card(A, H)
34: Card(K, H)
35: Card(4, C)
36: Card(K, S)
37: Card(3, C)
38: Card(J, S)
39: Card(8, H)
40: Card(9, C)

Enter 'D' to draw a card, or enter the number of the card to play. d
[H[2JPlayer: 1
Current Card: Card(J, D)

Your Hand:
0: Card(2, D)
1: Card(8, D)
2: Card(A, S)
3: Card(9, D)
4: Card(10, S)
5: Card(4, D)
6: Card(6, C)
7: Card(8, C)
8: Card(J, C)
9: Card(10, D)
10: Card(6, D)
11: Card(K, C)
12: Card(2, S)
13: Card(9, H)
14: Card(5, S)
15: Card(K, D)
16: Card(J, H)
17: Card(7, C)
18: Card(10, H)
19: Card(Q, S)
20: Card(4, S)
21: Card(7, S)
22: Card(3, S)
23: Card(7, D)
24: Card(6, H)
25: Card(5, H)
26: Card(5, C)
27: Card(Q, C)
28: Card(8, S)
29: Card(9, S)
30: Card(3, D)
31: Card(2, H)
32: Card(3, H)
33: Card(A, H)
34: Card(K, H)
35: Card(4, C)
36: Card(K, S)
37: Card(3, C)
38: Card(J, S)
39: Card(8, H)
40: Card(9, C)
41: Card(2, C)

Enter 'D' to draw a card, or enter the number of the card to play. d
[H[2JPlayer: 1
Current Card: Card(J, D)

Your Hand:
0: Card(2, D)
1: Card(8, D)
2: Card(A, S)
3: Card(9, D)
4: Card(10, S)
5: Card(4, D)
6: Card(6, C)
7: Card(8, C)
8: Card(J, C)
9: Card(10, D)
10: Card(6, D)
11: Card(K, C)
12: Card(2, S)
13: Card(9, H)
14: Card(5, S)
15: Card(K, D)
16: Card(J, H)
17: Card(7, C)
18: Card(10, H)
19: Card(Q, S)
20: Card(4, S)
21: Card(7, S)
22: Card(3, S)
23: Card(7, D)
24: Card(6, H)
25: Card(5, H)
26: Card(5, C)
27: Card(Q, C)
28: Card(8, S)
29: Card(9, S)
30: Card(3, D)
31: Card(2, H)
32: Card(3, H)
33: Card(A, H)
34: Card(K, H)
35: Card(4, C)
36: Card(K, S)
37: Card(3, C)
38: Card(J, S)
39: Card(8, H)
40: Card(9, C)
41: Card(2, C)
42: Card(7, H)

Enter 'D' to draw a card, or enter the number of the card to play. d
[H[2JPlayer: 1
Current Card: Card(J, D)

Your Hand:
0: Card(2, D)
1: Card(8, D)
2: Card(A, S)
3: Card(9, D)
4: Card(10, S)
5: Card(4, D)
6: Card(6, C)
7: Card(8, C)
8: Card(J, C)
9: Card(10, D)
10: Card(6, D)
11: Card(K, C)
12: Card(2, S)
13: Card(9, H)
14: Card(5, S)
15: Card(K, D)
16: Card(J, H)
17: Card(7, C)
18: Card(10, H)
19: Card(Q, S)
20: Card(4, S)
21: Card(7, S)
22: Card(3, S)
23: Card(7, D)
24: Card(6, H)
25: Card(5, H)
26: Card(5, C)
27: Card(Q, C)
28: Card(8, S)
29: Card(9, S)
30: Card(3, D)
31: Card(2, H)
32: Card(3, H)
33: Card(A, H)
34: Card(K, H)
35: Card(4, C)
36: Card(K, S)
37: Card(3, C)
38: Card(J, S)
39: Card(8, H)
40: Card(9, C)
41: Card(2, C)
42: Card(7, H)
43: Card(10, C)

Enter 'D' to draw a card, or enter the number of the card to play. d
[H[2JPlayer: 1
Current Card: Card(J, D)

Your Hand:
0: Card(2, D)
1: Card(8, D)
2: Card(A, S)
3: Card(9, D)
4: Card(10, S)
5: Card(4, D)
6: Card(6, C)
7: Card(8, C)
8: Card(J, C)
9: Card(10, D)
10: Card(6, D)
11: Card(K, C)
12: Card(2, S)
13: Card(9, H)
14: Card(5, S)
15: Card(K, D)
16: Card(J, H)
17: Card(7, C)
18: Card(10, H)
19: Card(Q, S)
20: Card(4, S)
21: Card(7, S)
22: Card(3, S)
23: Card(7, D)
24: Card(6, H)
25: Card(5, H)
26: Card(5, C)
27: Card(Q, C)
28: Card(8, S)
29: Card(9, S)
30: Card(3, D)
31: Card(2, H)
32: Card(3, H)
33: Card(A, H)
34: Card(K, H)
35: Card(4, C)
36: Card(K, S)
37: Card(3, C)
38: Card(J, S)
39: Card(8, H)
40: Card(9, C)
41: Card(2, C)
42: Card(7, H)
43: Card(10, C)
44: Card(Q, H)

Enter 'D' to draw a card, or enter the number of the card to play. d
[H[2JPlayer: 1
Current Card: Card(J, D)

Your Hand:
0: Card(2, D)
1: Card(8, D)
2: Card(A, S)
3: Card(9, D)
4: Card(10, S)
5: Card(4, D)
6: Card(6, C)
7: Card(8, C)
8: Card(J, C)
9: Card(10, D)
10: Card(6, D)
11: Card(K, C)
12: Card(2, S)
13: Card(9, H)
14: Card(5, S)
15: Card(K, D)
16: Card(J, H)
17: Card(7, C)
18: Card(10, H)
19: Card(Q, S)
20: Card(4, S)
21: Card(7, S)
22: Card(3, S)
23: Card(7, D)
24: Card(6, H)
25: Card(5, H)
26: Card(5, C)
27: Card(Q, C)
28: Card(8, S)
29: Card(9, S)
30: Card(3, D)
31: Card(2, H)
32: Card(3, H)
33: Card(A, H)
34: Card(K, H)
35: Card(4, C)
36: Card(K, S)
37: Card(3, C)
38: Card(J, S)
39: Card(8, H)
40: Card(9, C)
41: Card(2, C)
42: Card(7, H)
43: Card(10, C)
44: Card(Q, H)
45: Card(4, H)
Game over! Deck empty!
Player 1 score: 493
Player 2 score: 41
Player 2 wins!
bash-3.2$ exit
exit

Script done on Sat Apr 14 18:35:34 2018
