Script started on Sat Apr 14 17:20:14 2018
[?1034hbash-3.2$ python3 game.py
[H[2JPlayer: 1
Current Card: Card(Q, C)

Your Hand:
0: Card(J, C)
1: Card(3, H)
2: Card(5, C)
3: Card(2, C)
4: Card(J, H)

Enter 'D' to draw a card, or enter the number of the card to play. 2
[H[2JPlayer: 2
Current Card: Card(5, C)

Your Hand:
0: Card(10, S)
1: Card(2, S)
2: Card(4, S)
3: Card(J, D)
4: Card(10, C)

Enter 'D' to draw a card, or enter the number of the card to play. 4
[H[2JPlayer: 1
Current Card: Card(10, C)

Your Hand:
0: Card(J, C)
1: Card(3, H)
2: Card(2, C)
3: Card(J, H)

Enter 'D' to draw a card, or enter the number of the card to play. 0
[H[2JPlayer: 2
Current Card: Card(J, C)

Your Hand:
0: Card(10, S)
1: Card(2, S)
2: Card(4, S)
3: Card(J, D)

Enter 'D' to draw a card, or enter the number of the card to play. 3
[H[2JPlayer: 1
Current Card: Card(J, D)

Your Hand:
0: Card(3, H)
1: Card(2, C)
2: Card(J, H)

Enter 'D' to draw a card, or enter the number of the card to play. 2
[H[2JPlayer: 2
Current Card: Card(J, H)

Your Hand:
0: Card(10, S)
1: Card(2, S)
2: Card(4, S)

Enter 'D' to draw a card, or enter the number of the card to play. d 0
Invalid play, try again.
[H[2JPlayer: 2
Current Card: Card(J, H)

Your Hand:
0: Card(10, S)
1: Card(2, S)
2: Card(4, S)

Enter 'D' to draw a card, or enter the number of the card to play. 0
Invalid play, try again.
[H[2JPlayer: 2
Current Card: Card(J, H)

Your Hand:
0: Card(10, S)
1: Card(2, S)
2: Card(4, S)

Enter 'D' to draw a card, or enter the number of the card to play. 0
Invalid play, try again.
[H[2JPlayer: 2
Current Card: Card(J, H)

Your Hand:
0: Card(10, S)
1: Card(2, S)
2: Card(4, S)

Enter 'D' to draw a card, or enter the number of the card to play. d
[H[2JPlayer: 2
Current Card: Card(J, H)

Your Hand:
0: Card(10, S)
1: Card(2, S)
2: Card(4, S)
3: Card(A, H)

Enter 'D' to draw a card, or enter the number of the card to play. 3
[H[2JPlayer: 1
Current Card: Card(A, H)

Your Hand:
0: Card(3, H)
1: Card(2, C)

Enter 'D' to draw a card, or enter the number of the card to play. 0
[H[2JPlayer: 2
Current Card: Card(3, H)

Your Hand:
0: Card(10, S)
1: Card(2, S)
2: Card(4, S)

Enter 'D' to draw a card, or enter the number of the card to play. d
[H[2JPlayer: 2
Current Card: Card(3, H)

Your Hand:
0: Card(10, S)
1: Card(2, S)
2: Card(4, S)
3: Card(3, C)

Enter 'D' to draw a card, or enter the number of the card to play. 3
[H[2JPlayer: 1
Current Card: Card(3, C)

Your Hand:
0: Card(2, C)

Enter 'D' to draw a card, or enter the number of the card to play. 0
Game over! Player 1 wins!
bash-3.2$ exit
exit

Script done on Sat Apr 14 17:21:01 2018
