Script started on Sat Apr 14 17:26:53 2018
[?1034hbash-3.2$ pyton[K[Khon3 game.py
[H[2JPlayer: 1
Current Card: Card(8, S)

Your Hand:
0: Card(K, D)
1: Card(9, C)
2: Card(6, C)
3: Card(5, D)
4: Card(2, D)

Enter 'D' to draw a card, or enter the number of the card to play. d
[H[2JPlayer: 1
Current Card: Card(8, S)

Your Hand:
0: Card(K, D)
1: Card(9, C)
2: Card(6, C)
3: Card(5, D)
4: Card(2, D)
5: Card(3, C)

Enter 'D' to draw a card, or enter the number of the card to play. d
[H[2JPlayer: 1
Current Card: Card(8, S)

Your Hand:
0: Card(K, D)
1: Card(9, C)
2: Card(6, C)
3: Card(5, D)
4: Card(2, D)
5: Card(3, C)
6: Card(K, C)

Enter 'D' to draw a card, or enter the number of the card to play. d
[H[2JPlayer: 1
Current Card: Card(8, S)

Your Hand:
0: Card(K, D)
1: Card(9, C)
2: Card(6, C)
3: Card(5, D)
4: Card(2, D)
5: Card(3, C)
6: Card(K, C)
7: Card(7, D)

Enter 'D' to draw a card, or enter the number of the card to play. d
[H[2JPlayer: 1
Current Card: Card(8, S)

Your Hand:
0: Card(K, D)
1: Card(9, C)
2: Card(6, C)
3: Card(5, D)
4: Card(2, D)
5: Card(3, C)
6: Card(K, C)
7: Card(7, D)
8: Card(7, S)

Enter 'D' to draw a card, or enter the number of the card to play. 8
[H[2JPlayer: 2
Current Card: Card(7, S)

Your Hand:
0: Card(9, D)
1: Card(8, H)
2: Card(Q, D)
3: Card(5, H)
4: Card(10, S)

Enter 'D' to draw a card, or enter the number of the card to play. 4
[H[2JPlayer: 1
Current Card: Card(10, S)

Your Hand:
0: Card(K, D)
1: Card(9, C)
2: Card(6, C)
3: Card(5, D)
4: Card(2, D)
5: Card(3, C)
6: Card(K, C)
7: Card(7, D)

Enter 'D' to draw a card, or enter the number of the card to play. d
[H[2JPlayer: 1
Current Card: Card(10, S)

Your Hand:
0: Card(K, D)
1: Card(9, C)
2: Card(6, C)
3: Card(5, D)
4: Card(2, D)
5: Card(3, C)
6: Card(K, C)
7: Card(7, D)
8: Card(6, D)

Enter 'D' to draw a card, or enter the number of the card to play. d
[H[2JPlayer: 1
Current Card: Card(10, S)

Your Hand:
0: Card(K, D)
1: Card(9, C)
2: Card(6, C)
3: Card(5, D)
4: Card(2, D)
5: Card(3, C)
6: Card(K, C)
7: Card(7, D)
8: Card(6, D)
9: Card(A, D)

Enter 'D' to draw a card, or enter the number of the card to play. d
[H[2JPlayer: 1
Current Card: Card(10, S)

Your Hand:
0: Card(K, D)
1: Card(9, C)
2: Card(6, C)
3: Card(5, D)
4: Card(2, D)
5: Card(3, C)
6: Card(K, C)
7: Card(7, D)
8: Card(6, D)
9: Card(A, D)
10: Card(4, D)

Enter 'D' to draw a card, or enter the number of the card to play. d
[H[2JPlayer: 1
Current Card: Card(10, S)

Your Hand:
0: Card(K, D)
1: Card(9, C)
2: Card(6, C)
3: Card(5, D)
4: Card(2, D)
5: Card(3, C)
6: Card(K, C)
7: Card(7, D)
8: Card(6, D)
9: Card(A, D)
10: Card(4, D)
11: Card(3, D)

Enter 'D' to draw a card, or enter the number of the card to play. d
[H[2JPlayer: 1
Current Card: Card(10, S)

Your Hand:
0: Card(K, D)
1: Card(9, C)
2: Card(6, C)
3: Card(5, D)
4: Card(2, D)
5: Card(3, C)
6: Card(K, C)
7: Card(7, D)
8: Card(6, D)
9: Card(A, D)
10: Card(4, D)
11: Card(3, D)
12: Card(J, S)

Enter 'D' to draw a card, or enter the number of the card to play. 12
[H[2JPlayer: 2
Current Card: Card(J, S)

Your Hand:
0: Card(9, D)
1: Card(8, H)
2: Card(Q, D)
3: Card(5, H)

Enter 'D' to draw a card, or enter the number of the card to play. d
[H[2JPlayer: 2
Current Card: Card(J, S)

Your Hand:
0: Card(9, D)
1: Card(8, H)
2: Card(Q, D)
3: Card(5, H)
4: Card(A, H)

Enter 'D' to draw a card, or enter the number of the card to play. d
[H[2JPlayer: 2
Current Card: Card(J, S)

Your Hand:
0: Card(9, D)
1: Card(8, H)
2: Card(Q, D)
3: Card(5, H)
4: Card(A, H)
5: Card(A, C)

Enter 'D' to draw a card, or enter the number of the card to play. d
[H[2JPlayer: 2
Current Card: Card(J, S)

Your Hand:
0: Card(9, D)
1: Card(8, H)
2: Card(Q, D)
3: Card(5, H)
4: Card(A, H)
5: Card(A, C)
6: Card(8, C)

Enter 'D' to draw a card, or enter the number of the card to play. d
[H[2JPlayer: 2
Current Card: Card(J, S)

Your Hand:
0: Card(9, D)
1: Card(8, H)
2: Card(Q, D)
3: Card(5, H)
4: Card(A, H)
5: Card(A, C)
6: Card(8, C)
7: Card(10, H)

Enter 'D' to draw a card, or enter the number of the card to play. d
[H[2JPlayer: 2
Current Card: Card(J, S)

Your Hand:
0: Card(9, D)
1: Card(8, H)
2: Card(Q, D)
3: Card(5, H)
4: Card(A, H)
5: Card(A, C)
6: Card(8, C)
7: Card(10, H)
8: Card(5, C)

Enter 'D' to draw a card, or enter the number of the card to play. d
[H[2JPlayer: 2
Current Card: Card(J, S)

Your Hand:
0: Card(9, D)
1: Card(8, H)
2: Card(Q, D)
3: Card(5, H)
4: Card(A, H)
5: Card(A, C)
6: Card(8, C)
7: Card(10, H)
8: Card(5, C)
9: Card(Q, S)

Enter 'D' to draw a card, or enter the number of the card to play. 9
[H[2JPlayer: 1
Current Card: Card(Q, S)

Your Hand:
0: Card(K, D)
1: Card(9, C)
2: Card(6, C)
3: Card(5, D)
4: Card(2, D)
5: Card(3, C)
6: Card(K, C)
7: Card(7, D)
8: Card(6, D)
9: Card(A, D)
10: Card(4, D)
11: Card(3, D)

Enter 'D' to draw a card, or enter the number of the card to play. d
[H[2JPlayer: 1
Current Card: Card(Q, S)

Your Hand:
0: Card(K, D)
1: Card(9, C)
2: Card(6, C)
3: Card(5, D)
4: Card(2, D)
5: Card(3, C)
6: Card(K, C)
7: Card(7, D)
8: Card(6, D)
9: Card(A, D)
10: Card(4, D)
11: Card(3, D)
12: Card(7, H)

Enter 'D' to draw a card, or enter the number of the card to play. d
[H[2JPlayer: 1
Current Card: Card(Q, S)

Your Hand:
0: Card(K, D)
1: Card(9, C)
2: Card(6, C)
3: Card(5, D)
4: Card(2, D)
5: Card(3, C)
6: Card(K, C)
7: Card(7, D)
8: Card(6, D)
9: Card(A, D)
10: Card(4, D)
11: Card(3, D)
12: Card(7, H)
13: Card(6, H)

Enter 'D' to draw a card, or enter the number of the card to play. d
[H[2JPlayer: 1
Current Card: Card(Q, S)

Your Hand:
0: Card(K, D)
1: Card(9, C)
2: Card(6, C)
3: Card(5, D)
4: Card(2, D)
5: Card(3, C)
6: Card(K, C)
7: Card(7, D)
8: Card(6, D)
9: Card(A, D)
10: Card(4, D)
11: Card(3, D)
12: Card(7, H)
13: Card(6, H)
14: Card(10, C)

Enter 'D' to draw a card, or enter the number of the card to play. d
[H[2JPlayer: 1
Current Card: Card(Q, S)

Your Hand:
0: Card(K, D)
1: Card(9, C)
2: Card(6, C)
3: Card(5, D)
4: Card(2, D)
5: Card(3, C)
6: Card(K, C)
7: Card(7, D)
8: Card(6, D)
9: Card(A, D)
10: Card(4, D)
11: Card(3, D)
12: Card(7, H)
13: Card(6, H)
14: Card(10, C)
15: Card(8, D)

Enter 'D' to draw a card, or enter the number of the card to play. d
[H[2JPlayer: 1
Current Card: Card(Q, S)

Your Hand:
0: Card(K, D)
1: Card(9, C)
2: Card(6, C)
3: Card(5, D)
4: Card(2, D)
5: Card(3, C)
6: Card(K, C)
7: Card(7, D)
8: Card(6, D)
9: Card(A, D)
10: Card(4, D)
11: Card(3, D)
12: Card(7, H)
13: Card(6, H)
14: Card(10, C)
15: Card(8, D)
16: Card(9, S)

Enter 'D' to draw a card, or enter the number of the card to play. 16
[H[2JPlayer: 2
Current Card: Card(9, S)

Your Hand:
0: Card(9, D)
1: Card(8, H)
2: Card(Q, D)
3: Card(5, H)
4: Card(A, H)
5: Card(A, C)
6: Card(8, C)
7: Card(10, H)
8: Card(5, C)

Enter 'D' to draw a card, or enter the number of the card to play. 0
[H[2JPlayer: 1
Current Card: Card(9, D)

Your Hand:
0: Card(K, D)
1: Card(9, C)
2: Card(6, C)
3: Card(5, D)
4: Card(2, D)
5: Card(3, C)
6: Card(K, C)
7: Card(7, D)
8: Card(6, D)
9: Card(A, D)
10: Card(4, D)
11: Card(3, D)
12: Card(7, H)
13: Card(6, H)
14: Card(10, C)
15: Card(8, D)

Enter 'D' to draw a card, or enter the number of the card to play. 1
[H[2JPlayer: 2
Current Card: Card(9, C)

Your Hand:
0: Card(8, H)
1: Card(Q, D)
2: Card(5, H)
3: Card(A, H)
4: Card(A, C)
5: Card(8, C)
6: Card(10, H)
7: Card(5, C)

Enter 'D' to draw a card, or enter the number of the card to play. 5
You played an 8! What suit (C, D, H, S) would you like to choose? h
[H[2JPlayer: 1
Current Suit: H
Your Hand:
0: Card(K, D)
1: Card(6, C)
2: Card(5, D)
3: Card(2, D)
4: Card(3, C)
5: Card(K, C)
6: Card(7, D)
7: Card(6, D)
8: Card(A, D)
9: Card(4, D)
10: Card(3, D)
11: Card(7, H)
12: Card(6, H)
13: Card(10, C)
14: Card(8, D)

Enter 'D' to draw a card, or enter the number of the card to play. 11
[H[2JPlayer: 2
Current Card: Card(7, H)

Your Hand:
0: Card(8, H)
1: Card(Q, D)
2: Card(5, H)
3: Card(A, H)
4: Card(A, C)
5: Card(8, C)
6: Card(10, H)
7: Card(5, C)

Enter 'D' to draw a card, or enter the number of the card to play. 6
[H[2JPlayer: 1
Current Card: Card(10, H)

Your Hand:
0: Card(K, D)
1: Card(6, C)
2: Card(5, D)
3: Card(2, D)
4: Card(3, C)
5: Card(K, C)
6: Card(7, D)
7: Card(6, D)
8: Card(A, D)
9: Card(4, D)
10: Card(3, D)
11: Card(6, H)
12: Card(10, C)
13: Card(8, D)

Enter 'D' to draw a card, or enter the number of the card to play. 12
[H[2JPlayer: 2
Current Card: Card(10, C)

Your Hand:
0: Card(8, H)
1: Card(Q, D)
2: Card(5, H)
3: Card(A, H)
4: Card(A, C)
5: Card(8, C)
6: Card(5, C)

Enter 'D' to draw a card, or enter the number of the card to play. 5
You played an 8! What suit (C, D, H, S) would you like to choose? d
[H[2JPlayer: 1
Current Suit: D
Your Hand:
0: Card(K, D)
1: Card(6, C)
2: Card(5, D)
3: Card(2, D)
4: Card(3, C)
5: Card(K, C)
6: Card(7, D)
7: Card(6, D)
8: Card(A, D)
9: Card(4, D)
10: Card(3, D)
11: Card(6, H)
12: Card(8, D)

Enter 'D' to draw a card, or enter the number of the card to play. 2
[H[2JPlayer: 2
Current Card: Card(5, D)

Your Hand:
0: Card(8, H)
1: Card(Q, D)
2: Card(5, H)
3: Card(A, H)
4: Card(A, C)
5: Card(8, C)
6: Card(5, C)

Enter 'D' to draw a card, or enter the number of the card to play. 1
[H[2JPlayer: 1
Current Card: Card(Q, D)

Your Hand:
0: Card(K, D)
1: Card(6, C)
2: Card(2, D)
3: Card(3, C)
4: Card(K, C)
5: Card(7, D)
6: Card(6, D)
7: Card(A, D)
8: Card(4, D)
9: Card(3, D)
10: Card(6, H)
11: Card(8, D)

Enter 'D' to draw a card, or enter the number of the card to play. 5
[H[2JPlayer: 2
Current Card: Card(7, D)

Your Hand:
0: Card(8, H)
1: Card(5, H)
2: Card(A, H)
3: Card(A, C)
4: Card(8, C)
5: Card(5, C)

Enter 'D' to draw a card, or enter the number of the card to play. d
[H[2JPlayer: 2
Current Card: Card(7, D)

Your Hand:
0: Card(8, H)
1: Card(5, H)
2: Card(A, H)
3: Card(A, C)
4: Card(8, C)
5: Card(5, C)
6: Card(J, D)

Enter 'D' to draw a card, or enter the number of the card to play. 6
[H[2JPlayer: 1
Current Card: Card(J, D)

Your Hand:
0: Card(K, D)
1: Card(6, C)
2: Card(2, D)
3: Card(3, C)
4: Card(K, C)
5: Card(6, D)
6: Card(A, D)
7: Card(4, D)
8: Card(3, D)
9: Card(6, H)
10: Card(8, D)

Enter 'D' to draw a card, or enter the number of the card to play. 7
[H[2JPlayer: 2
Current Card: Card(4, D)

Your Hand:
0: Card(8, H)
1: Card(5, H)
2: Card(A, H)
3: Card(A, C)
4: Card(8, C)
5: Card(5, C)

Enter 'D' to draw a card, or enter the number of the card to play. d
[H[2JPlayer: 2
Current Card: Card(4, D)

Your Hand:
0: Card(8, H)
1: Card(5, H)
2: Card(A, H)
3: Card(A, C)
4: Card(8, C)
5: Card(5, C)
6: Card(A, S)

Enter 'D' to draw a card, or enter the number of the card to play. d
[H[2JPlayer: 2
Current Card: Card(4, D)

Your Hand:
0: Card(8, H)
1: Card(5, H)
2: Card(A, H)
3: Card(A, C)
4: Card(8, C)
5: Card(5, C)
6: Card(A, S)
7: Card(3, S)

Enter 'D' to draw a card, or enter the number of the card to play. d
[H[2JPlayer: 2
Current Card: Card(4, D)

Your Hand:
0: Card(8, H)
1: Card(5, H)
2: Card(A, H)
3: Card(A, C)
4: Card(8, C)
5: Card(5, C)
6: Card(A, S)
7: Card(3, S)
8: Card(K, S)

Enter 'D' to draw a card, or enter the number of the card to play. d
[H[2JPlayer: 2
Current Card: Card(4, D)

Your Hand:
0: Card(8, H)
1: Card(5, H)
2: Card(A, H)
3: Card(A, C)
4: Card(8, C)
5: Card(5, C)
6: Card(A, S)
7: Card(3, S)
8: Card(K, S)
9: Card(J, C)

Enter 'D' to draw a card, or enter the number of the card to play. d
[H[2JPlayer: 2
Current Card: Card(4, D)

Your Hand:
0: Card(8, H)
1: Card(5, H)
2: Card(A, H)
3: Card(A, C)
4: Card(8, C)
5: Card(5, C)
6: Card(A, S)
7: Card(3, S)
8: Card(K, S)
9: Card(J, C)
10: Card(4, H)

Enter 'D' to draw a card, or enter the number of the card to play. d
[H[2JPlayer: 2
Current Card: Card(4, D)

Your Hand:
0: Card(8, H)
1: Card(5, H)
2: Card(A, H)
3: Card(A, C)
4: Card(8, C)
5: Card(5, C)
6: Card(A, S)
7: Card(3, S)
8: Card(K, S)
9: Card(J, C)
10: Card(4, H)
11: Card(J, H)

Enter 'D' to draw a card, or enter the number of the card to play. d
[H[2JPlayer: 2
Current Card: Card(4, D)

Your Hand:
0: Card(8, H)
1: Card(5, H)
2: Card(A, H)
3: Card(A, C)
4: Card(8, C)
5: Card(5, C)
6: Card(A, S)
7: Card(3, S)
8: Card(K, S)
9: Card(J, C)
10: Card(4, H)
11: Card(J, H)
12: Card(7, C)

Enter 'D' to draw a card, or enter the number of the card to play. d
[H[2JPlayer: 2
Current Card: Card(4, D)

Your Hand:
0: Card(8, H)
1: Card(5, H)
2: Card(A, H)
3: Card(A, C)
4: Card(8, C)
5: Card(5, C)
6: Card(A, S)
7: Card(3, S)
8: Card(K, S)
9: Card(J, C)
10: Card(4, H)
11: Card(J, H)
12: Card(7, C)
13: Card(6, S)

Enter 'D' to draw a card, or enter the number of the card to play. d
[H[2JPlayer: 2
Current Card: Card(4, D)

Your Hand:
0: Card(8, H)
1: Card(5, H)
2: Card(A, H)
3: Card(A, C)
4: Card(8, C)
5: Card(5, C)
6: Card(A, S)
7: Card(3, S)
8: Card(K, S)
9: Card(J, C)
10: Card(4, H)
11: Card(J, H)
12: Card(7, C)
13: Card(6, S)
14: Card(4, C)

Enter 'D' to draw a card, or enter the number of the card to play. 14
[H[2JPlayer: 1
Current Card: Card(4, C)

Your Hand:
0: Card(K, D)
1: Card(6, C)
2: Card(2, D)
3: Card(3, C)
4: Card(K, C)
5: Card(6, D)
6: Card(A, D)
7: Card(3, D)
8: Card(6, H)
9: Card(8, D)

Enter 'D' to draw a card, or enter the number of the card to play. 3
[H[2JPlayer: 2
Current Card: Card(3, C)

Your Hand:
0: Card(8, H)
1: Card(5, H)
2: Card(A, H)
3: Card(A, C)
4: Card(8, C)
5: Card(5, C)
6: Card(A, S)
7: Card(3, S)
8: Card(K, S)
9: Card(J, C)
10: Card(4, H)
11: Card(J, H)
12: Card(7, C)
13: Card(6, S)

Enter 'D' to draw a card, or enter the number of the card to play. 12
[H[2JPlayer: 1
Current Card: Card(7, C)

Your Hand:
0: Card(K, D)
1: Card(6, C)
2: Card(2, D)
3: Card(K, C)
4: Card(6, D)
5: Card(A, D)
6: Card(3, D)
7: Card(6, H)
8: Card(8, D)

Enter 'D' to draw a card, or enter the number of the card to play. 1
[H[2JPlayer: 2
Current Card: Card(6, C)

Your Hand:
0: Card(8, H)
1: Card(5, H)
2: Card(A, H)
3: Card(A, C)
4: Card(8, C)
5: Card(5, C)
6: Card(A, S)
7: Card(3, S)
8: Card(K, S)
9: Card(J, C)
10: Card(4, H)
11: Card(J, H)
12: Card(6, S)

Enter 'D' to draw a card, or enter the number of the card to play. 9
[H[2JPlayer: 1
Current Card: Card(J, C)

Your Hand:
0: Card(K, D)
1: Card(2, D)
2: Card(K, C)
3: Card(6, D)
4: Card(A, D)
5: Card(3, D)
6: Card(6, H)
7: Card(8, D)

Enter 'D' to draw a card, or enter the number of the card to play. d
[H[2JPlayer: 1
Current Card: Card(J, C)

Your Hand:
0: Card(K, D)
1: Card(2, D)
2: Card(K, C)
3: Card(6, D)
4: Card(A, D)
5: Card(3, D)
6: Card(6, H)
7: Card(8, D)
8: Card(10, D)

Enter 'D' to draw a card, or enter the number of the card to play. d
[H[2JPlayer: 1
Current Card: Card(J, C)

Your Hand:
0: Card(K, D)
1: Card(2, D)
2: Card(K, C)
3: Card(6, D)
4: Card(A, D)
5: Card(3, D)
6: Card(6, H)
7: Card(8, D)
8: Card(10, D)
9: Card(2, S)

Enter 'D' to draw a card, or enter the number of the card to play. d
[H[2JPlayer: 1
Current Card: Card(J, C)

Your Hand:
0: Card(K, D)
1: Card(2, D)
2: Card(K, C)
3: Card(6, D)
4: Card(A, D)
5: Card(3, D)
6: Card(6, H)
7: Card(8, D)
8: Card(10, D)
9: Card(2, S)
10: Card(9, H)

Enter 'D' to draw a card, or enter the number of the card to play. d
[H[2JPlayer: 1
Current Card: Card(J, C)

Your Hand:
0: Card(K, D)
1: Card(2, D)
2: Card(K, C)
3: Card(6, D)
4: Card(A, D)
5: Card(3, D)
6: Card(6, H)
7: Card(8, D)
8: Card(10, D)
9: Card(2, S)
10: Card(9, H)
11: Card(K, H)

Enter 'D' to draw a card, or enter the number of the card to play. 2
[H[2JPlayer: 2
Current Card: Card(K, C)

Your Hand:
0: Card(8, H)
1: Card(5, H)
2: Card(A, H)
3: Card(A, C)
4: Card(8, C)
5: Card(5, C)
6: Card(A, S)
7: Card(3, S)
8: Card(K, S)
9: Card(4, H)
10: Card(J, H)
11: Card(6, S)

Enter 'D' to draw a card, or enter the number of the card to play. 5
[H[2JPlayer: 1
Current Card: Card(5, C)

Your Hand:
0: Card(K, D)
1: Card(2, D)
2: Card(6, D)
3: Card(A, D)
4: Card(3, D)
5: Card(6, H)
6: Card(8, D)
7: Card(10, D)
8: Card(2, S)
9: Card(9, H)
10: Card(K, H)

Enter 'D' to draw a card, or enter the number of the card to play. d
[H[2JPlayer: 1
Current Card: Card(5, C)

Your Hand:
0: Card(K, D)
1: Card(2, D)
2: Card(6, D)
3: Card(A, D)
4: Card(3, D)
5: Card(6, H)
6: Card(8, D)
7: Card(10, D)
8: Card(2, S)
9: Card(9, H)
10: Card(K, H)
11: Card(4, S)

Enter 'D' to draw a card, or enter the number of the card to play. d
[H[2JPlayer: 1
Current Card: Card(5, C)

Your Hand:
0: Card(K, D)
1: Card(2, D)
2: Card(6, D)
3: Card(A, D)
4: Card(3, D)
5: Card(6, H)
6: Card(8, D)
7: Card(10, D)
8: Card(2, S)
9: Card(9, H)
10: Card(K, H)
11: Card(4, S)
12: Card(Q, H)

Enter 'D' to draw a card, or enter the number of the card to play. d
[H[2JPlayer: 1
Current Card: Card(5, C)

Your Hand:
0: Card(K, D)
1: Card(2, D)
2: Card(6, D)
3: Card(A, D)
4: Card(3, D)
5: Card(6, H)
6: Card(8, D)
7: Card(10, D)
8: Card(2, S)
9: Card(9, H)
10: Card(K, H)
11: Card(4, S)
12: Card(Q, H)
13: Card(3, H)

Enter 'D' to draw a card, or enter the number of the card to play. d
[H[2JPlayer: 1
Current Card: Card(5, C)

Your Hand:
0: Card(K, D)
1: Card(2, D)
2: Card(6, D)
3: Card(A, D)
4: Card(3, D)
5: Card(6, H)
6: Card(8, D)
7: Card(10, D)
8: Card(2, S)
9: Card(9, H)
10: Card(K, H)
11: Card(4, S)
12: Card(Q, H)
13: Card(3, H)
14: Card(5, S)

Enter 'D' to draw a card, or enter the number of the card to play. 14
[H[2JPlayer: 2
Current Card: Card(5, S)

Your Hand:
0: Card(8, H)
1: Card(5, H)
2: Card(A, H)
3: Card(A, C)
4: Card(8, C)
5: Card(A, S)
6: Card(3, S)
7: Card(K, S)
8: Card(4, H)
9: Card(J, H)
10: Card(6, S)

Enter 'D' to draw a card, or enter the number of the card to play. 10
[H[2JPlayer: 1
Current Card: Card(6, S)

Your Hand:
0: Card(K, D)
1: Card(2, D)
2: Card(6, D)
3: Card(A, D)
4: Card(3, D)
5: Card(6, H)
6: Card(8, D)
7: Card(10, D)
8: Card(2, S)
9: Card(9, H)
10: Card(K, H)
11: Card(4, S)
12: Card(Q, H)
13: Card(3, H)

Enter 'D' to draw a card, or enter the number of the card to play. 5
[H[2JPlayer: 2
Current Card: Card(6, H)

Your Hand:
0: Card(8, H)
1: Card(5, H)
2: Card(A, H)
3: Card(A, C)
4: Card(8, C)
5: Card(A, S)
6: Card(3, S)
7: Card(K, S)
8: Card(4, H)
9: Card(J, H)

Enter 'D' to draw a card, or enter the number of the card to play. 1
[H[2JPlayer: 1
Current Card: Card(5, H)

Your Hand:
0: Card(K, D)
1: Card(2, D)
2: Card(6, D)
3: Card(A, D)
4: Card(3, D)
5: Card(8, D)
6: Card(10, D)
7: Card(2, S)
8: Card(9, H)
9: Card(K, H)
10: Card(4, S)
11: Card(Q, H)
12: Card(3, H)

Enter 'D' to draw a card, or enter the number of the card to play. 8
[H[2JPlayer: 2
Current Card: Card(9, H)

Your Hand:
0: Card(8, H)
1: Card(A, H)
2: Card(A, C)
3: Card(8, C)
4: Card(A, S)
5: Card(3, S)
6: Card(K, S)
7: Card(4, H)
8: Card(J, H)

Enter 'D' to draw a card, or enter the number of the card to play. 1
[H[2JPlayer: 1
Current Card: Card(A, H)

Your Hand:
0: Card(K, D)
1: Card(2, D)
2: Card(6, D)
3: Card(A, D)
4: Card(3, D)
5: Card(8, D)
6: Card(10, D)
7: Card(2, S)
8: Card(K, H)
9: Card(4, S)
10: Card(Q, H)
11: Card(3, H)

Enter 'D' to draw a card, or enter the number of the card to play. 3
[H[2JPlayer: 2
Current Card: Card(A, D)

Your Hand:
0: Card(8, H)
1: Card(A, C)
2: Card(8, C)
3: Card(A, S)
4: Card(3, S)
5: Card(K, S)
6: Card(4, H)
7: Card(J, H)

Enter 'D' to draw a card, or enter the number of the card to play. 1
[H[2JPlayer: 1
Current Card: Card(A, C)

Your Hand:
0: Card(K, D)
1: Card(2, D)
2: Card(6, D)
3: Card(3, D)
4: Card(8, D)
5: Card(10, D)
6: Card(2, S)
7: Card(K, H)
8: Card(4, S)
9: Card(Q, H)
10: Card(3, H)

Enter 'D' to draw a card, or enter the number of the card to play. d
[H[2JPlayer: 1
Current Card: Card(A, C)

Your Hand:
0: Card(K, D)
1: Card(2, D)
2: Card(6, D)
3: Card(3, D)
4: Card(8, D)
5: Card(10, D)
6: Card(2, S)
7: Card(K, H)
8: Card(4, S)
9: Card(Q, H)
10: Card(3, H)
11: Card(2, H)

Enter 'D' to draw a card, or enter the number of the card to play. d
[H[2JPlayer: 1
Current Card: Card(A, C)

Your Hand:
0: Card(K, D)
1: Card(2, D)
2: Card(6, D)
3: Card(3, D)
4: Card(8, D)
5: Card(10, D)
6: Card(2, S)
7: Card(K, H)
8: Card(4, S)
9: Card(Q, H)
10: Card(3, H)
11: Card(2, H)
12: Card(2, C)

Enter 'D' to draw a card, or enter the number of the card to play. 12
[H[2JPlayer: 2
Current Card: Card(2, C)

Your Hand:
0: Card(8, H)
1: Card(8, C)
2: Card(A, S)
3: Card(3, S)
4: Card(K, S)
5: Card(4, H)
6: Card(J, H)

Enter 'D' to draw a card, or enter the number of the card to play. 1
You played an 8! What suit (C, D, H, S) would you like to choose? h
[H[2JPlayer: 1
Current Suit: H
Your Hand:
0: Card(K, D)
1: Card(2, D)
2: Card(6, D)
3: Card(3, D)
4: Card(8, D)
5: Card(10, D)
6: Card(2, S)
7: Card(K, H)
8: Card(4, S)
9: Card(Q, H)
10: Card(3, H)
11: Card(2, H)

Enter 'D' to draw a card, or enter the number of the card to play. 10
[H[2JPlayer: 2
Current Card: Card(3, H)

Your Hand:
0: Card(8, H)
1: Card(8, C)
2: Card(A, S)
3: Card(3, S)
4: Card(K, S)
5: Card(4, H)
6: Card(J, H)

Enter 'D' to draw a card, or enter the number of the card to play. 2 3
[H[2JPlayer: 1
Current Card: Card(3, S)

Your Hand:
0: Card(K, D)
1: Card(2, D)
2: Card(6, D)
3: Card(3, D)
4: Card(8, D)
5: Card(10, D)
6: Card(2, S)
7: Card(K, H)
8: Card(4, S)
9: Card(Q, H)
10: Card(2, H)

Enter 'D' to draw a card, or enter the number of the card to play. 8
[H[2JPlayer: 2
Current Card: Card(4, S)

Your Hand:
0: Card(8, H)
1: Card(8, C)
2: Card(A, S)
3: Card(K, S)
4: Card(4, H)
5: Card(J, H)

Enter 'D' to draw a card, or enter the number of the card to play. 3
[H[2JPlayer: 1
Current Card: Card(K, S)

Your Hand:
0: Card(K, D)
1: Card(2, D)
2: Card(6, D)
3: Card(3, D)
4: Card(8, D)
5: Card(10, D)
6: Card(2, S)
7: Card(K, H)
8: Card(Q, H)
9: Card(2, H)

Enter 'D' to draw a card, or enter the number of the card to play. 0
[H[2JPlayer: 2
Current Card: Card(K, D)

Your Hand:
0: Card(8, H)
1: Card(8, C)
2: Card(A, S)
3: Card(4, H)
4: Card(J, H)

Enter 'D' to draw a card, or enter the number of the card to play. d
[H[2JPlayer: 2
Current Card: Card(K, D)

Your Hand:
0: Card(8, H)
1: Card(8, C)
2: Card(A, S)
3: Card(4, H)
4: Card(J, H)
5: Card(Q, C)
Game over! Deck empty!
Player 1 score: 95
Player 2 score: 134
Player 1 wins!
bash-3.2$ exit
exit

Script done on Sat Apr 14 17:29:52 2018
