Script started on Sat Apr 14 17:29:59 2018
[?1034hbash-3.2$ python3 game.py
[H[2JPlayer: 1
Current Card: Card(7, S)

Your Hand:
0: Card(5, H)
1: Card(2, C)
2: Card(8, C)
3: Card(Q, S)
4: Card(3, H)

Enter 'D' to draw a card, or enter the number of the card to play. 3
[H[2JPlayer: 2
Current Card: Card(Q, S)

Your Hand:
0: Card(Q, H)
1: Card(7, D)
2: Card(K, H)
3: Card(8, D)
4: Card(A, H)

Enter 'D' to draw a card, or enter the number of the card to play. 0
[H[2JPlayer: 1
Current Card: Card(Q, H)

Your Hand:
0: Card(5, H)
1: Card(2, C)
2: Card(8, C)
3: Card(3, H)

Enter 'D' to draw a card, or enter the number of the card to play. 0
[H[2JPlayer: 2
Current Card: Card(5, H)

Your Hand:
0: Card(7, D)
1: Card(K, H)
2: Card(8, D)
3: Card(A, H)

Enter 'D' to draw a card, or enter the number of the card to play. 1
[H[2JPlayer: 1
Current Card: Card(K, H)

Your Hand:
0: Card(2, C)
1: Card(8, C)
2: Card(3, H)

Enter 'D' to draw a card, or enter the number of the card to play. 2
[H[2JPlayer: 2
Current Card: Card(3, H)

Your Hand:
0: Card(7, D)
1: Card(8, D)
2: Card(A, H)

Enter 'D' to draw a card, or enter the number of the card to play. 2
[H[2JPlayer: 1
Current Card: Card(A, H)

Your Hand:
0: Card(2, C)
1: Card(8, C)

Enter 'D' to draw a card, or enter the number of the card to play. d
[H[2JPlayer: 1
Current Card: Card(A, H)

Your Hand:
0: Card(2, C)
1: Card(8, C)
2: Card(J, H)

Enter 'D' to draw a card, or enter the number of the card to play. 2
[H[2JPlayer: 2
Current Card: Card(J, H)

Your Hand:
0: Card(7, D)
1: Card(8, D)

Enter 'D' to draw a card, or enter the number of the card to play. d
[H[2JPlayer: 2
Current Card: Card(J, H)

Your Hand:
0: Card(7, D)
1: Card(8, D)
2: Card(5, S)

Enter 'D' to draw a card, or enter the number of the card to play. d
[H[2JPlayer: 2
Current Card: Card(J, H)

Your Hand:
0: Card(7, D)
1: Card(8, D)
2: Card(5, S)
3: Card(6, H)

Enter 'D' to draw a card, or enter the number of the card to play. 3
[H[2JPlayer: 1
Current Card: Card(6, H)

Your Hand:
0: Card(2, C)
1: Card(8, C)

Enter 'D' to draw a card, or enter the number of the card to play. d
[H[2JPlayer: 1
Current Card: Card(6, H)

Your Hand:
0: Card(2, C)
1: Card(8, C)
2: Card(4, S)

Enter 'D' to draw a card, or enter the number of the card to play. d
[H[2JPlayer: 1
Current Card: Card(6, H)

Your Hand:
0: Card(2, C)
1: Card(8, C)
2: Card(4, S)
3: Card(Q, C)

Enter 'D' to draw a card, or enter the number of the card to play. d
[H[2JPlayer: 1
Current Card: Card(6, H)

Your Hand:
0: Card(2, C)
1: Card(8, C)
2: Card(4, S)
3: Card(Q, C)
4: Card(J, S)

Enter 'D' to draw a card, or enter the number of the card to play. d
[H[2JPlayer: 1
Current Card: Card(6, H)

Your Hand:
0: Card(2, C)
1: Card(8, C)
2: Card(4, S)
3: Card(Q, C)
4: Card(J, S)
5: Card(A, S)

Enter 'D' to draw a card, or enter the number of the card to play. d
[H[2JPlayer: 1
Current Card: Card(6, H)

Your Hand:
0: Card(2, C)
1: Card(8, C)
2: Card(4, S)
3: Card(Q, C)
4: Card(J, S)
5: Card(A, S)
6: Card(3, C)

Enter 'D' to draw a card, or enter the number of the card to play. d
[H[2JPlayer: 1
Current Card: Card(6, H)

Your Hand:
0: Card(2, C)
1: Card(8, C)
2: Card(4, S)
3: Card(Q, C)
4: Card(J, S)
5: Card(A, S)
6: Card(3, C)
7: Card(10, S)

Enter 'D' to draw a card, or enter the number of the card to play. d
[H[2JPlayer: 1
Current Card: Card(6, H)

Your Hand:
0: Card(2, C)
1: Card(8, C)
2: Card(4, S)
3: Card(Q, C)
4: Card(J, S)
5: Card(A, S)
6: Card(3, C)
7: Card(10, S)
8: Card(10, D)

Enter 'D' to draw a card, or enter the number of the card to play. d
[H[2JPlayer: 1
Current Card: Card(6, H)

Your Hand:
0: Card(2, C)
1: Card(8, C)
2: Card(4, S)
3: Card(Q, C)
4: Card(J, S)
5: Card(A, S)
6: Card(3, C)
7: Card(10, S)
8: Card(10, D)
9: Card(J, C)

Enter 'D' to draw a card, or enter the number of the card to play. d
[H[2JPlayer: 1
Current Card: Card(6, H)

Your Hand:
0: Card(2, C)
1: Card(8, C)
2: Card(4, S)
3: Card(Q, C)
4: Card(J, S)
5: Card(A, S)
6: Card(3, C)
7: Card(10, S)
8: Card(10, D)
9: Card(J, C)
10: Card(8, S)

Enter 'D' to draw a card, or enter the number of the card to play. d
[H[2JPlayer: 1
Current Card: Card(6, H)

Your Hand:
0: Card(2, C)
1: Card(8, C)
2: Card(4, S)
3: Card(Q, C)
4: Card(J, S)
5: Card(A, S)
6: Card(3, C)
7: Card(10, S)
8: Card(10, D)
9: Card(J, C)
10: Card(8, S)
11: Card(5, C)

Enter 'D' to draw a card, or enter the number of the card to play. d
[H[2JPlayer: 1
Current Card: Card(6, H)

Your Hand:
0: Card(2, C)
1: Card(8, C)
2: Card(4, S)
3: Card(Q, C)
4: Card(J, S)
5: Card(A, S)
6: Card(3, C)
7: Card(10, S)
8: Card(10, D)
9: Card(J, C)
10: Card(8, S)
11: Card(5, C)
12: Card(6, D)

Enter 'D' to draw a card, or enter the number of the card to play. 12
[H[2JPlayer: 2
Current Card: Card(6, D)

Your Hand:
0: Card(7, D)
1: Card(8, D)
2: Card(5, S)

Enter 'D' to draw a card, or enter the number of the card to play. 1
You played an 8! What suit (C, D, H, S) would you like to choose? d
[H[2JPlayer: 1
Current Suit: D
Your Hand:
0: Card(2, C)
1: Card(8, C)
2: Card(4, S)
3: Card(Q, C)
4: Card(J, S)
5: Card(A, S)
6: Card(3, C)
7: Card(10, S)
8: Card(10, D)
9: Card(J, C)
10: Card(8, S)
11: Card(5, C)

Enter 'D' to draw a card, or enter the number of the card to play. 8
[H[2JPlayer: 2
Current Card: Card(10, D)

Your Hand:
0: Card(7, D)
1: Card(8, D)
2: Card(5, S)

Enter 'D' to draw a card, or enter the number of the card to play. 1
You played an 8! What suit (C, D, H, S) would you like to choose? d
[H[2JPlayer: 1
Current Suit: D
Your Hand:
0: Card(2, C)
1: Card(8, C)
2: Card(4, S)
3: Card(Q, C)
4: Card(J, S)
5: Card(A, S)
6: Card(3, C)
7: Card(10, S)
8: Card(J, C)
9: Card(8, S)
10: Card(5, C)

Enter 'D' to draw a card, or enter the number of the card to play. d
[H[2JPlayer: 1
Current Suit: D
Your Hand:
0: Card(2, C)
1: Card(8, C)
2: Card(4, S)
3: Card(Q, C)
4: Card(J, S)
5: Card(A, S)
6: Card(3, C)
7: Card(10, S)
8: Card(J, C)
9: Card(8, S)
10: Card(5, C)
11: Card(3, S)

Enter 'D' to draw a card, or enter the number of the card to play. d
[H[2JPlayer: 1
Current Suit: D
Your Hand:
0: Card(2, C)
1: Card(8, C)
2: Card(4, S)
3: Card(Q, C)
4: Card(J, S)
5: Card(A, S)
6: Card(3, C)
7: Card(10, S)
8: Card(J, C)
9: Card(8, S)
10: Card(5, C)
11: Card(3, S)
12: Card(K, S)

Enter 'D' to draw a card, or enter the number of the card to play. d
[H[2JPlayer: 1
Current Suit: D
Your Hand:
0: Card(2, C)
1: Card(8, C)
2: Card(4, S)
3: Card(Q, C)
4: Card(J, S)
5: Card(A, S)
6: Card(3, C)
7: Card(10, S)
8: Card(J, C)
9: Card(8, S)
10: Card(5, C)
11: Card(3, S)
12: Card(K, S)
13: Card(6, S)

Enter 'D' to draw a card, or enter the number of the card to play. d
[H[2JPlayer: 1
Current Suit: D
Your Hand:
0: Card(2, C)
1: Card(8, C)
2: Card(4, S)
3: Card(Q, C)
4: Card(J, S)
5: Card(A, S)
6: Card(3, C)
7: Card(10, S)
8: Card(J, C)
9: Card(8, S)
10: Card(5, C)
11: Card(3, S)
12: Card(K, S)
13: Card(6, S)
14: Card(2, H)

Enter 'D' to draw a card, or enter the number of the card to play. d
[H[2JPlayer: 1
Current Suit: D
Your Hand:
0: Card(2, C)
1: Card(8, C)
2: Card(4, S)
3: Card(Q, C)
4: Card(J, S)
5: Card(A, S)
6: Card(3, C)
7: Card(10, S)
8: Card(J, C)
9: Card(8, S)
10: Card(5, C)
11: Card(3, S)
12: Card(K, S)
13: Card(6, S)
14: Card(2, H)
15: Card(4, D)

Enter 'D' to draw a card, or enter the number of the card to play. d
[H[2JPlayer: 1
Current Suit: D
Your Hand:
0: Card(2, C)
1: Card(8, C)
2: Card(4, S)
3: Card(Q, C)
4: Card(J, S)
5: Card(A, S)
6: Card(3, C)
7: Card(10, S)
8: Card(J, C)
9: Card(8, S)
10: Card(5, C)
11: Card(3, S)
12: Card(K, S)
13: Card(6, S)
14: Card(2, H)
15: Card(4, D)
16: Card(8, H)

Enter 'D' to draw a card, or enter the number of the card to play. 15
[H[2JPlayer: 2
Current Card: Card(4, D)

Your Hand:
0: Card(7, D)
1: Card(8, D)
2: Card(5, S)

Enter 'D' to draw a card, or enter the number of the card to play. 1
You played an 8! What suit (C, D, H, S) would you like to choose? s
[H[2JPlayer: 1
Current Suit: S
Your Hand:
0: Card(2, C)
1: Card(8, C)
2: Card(4, S)
3: Card(Q, C)
4: Card(J, S)
5: Card(A, S)
6: Card(3, C)
7: Card(10, S)
8: Card(J, C)
9: Card(8, S)
10: Card(5, C)
11: Card(3, S)
12: Card(K, S)
13: Card(6, S)
14: Card(2, H)
15: Card(8, H)

Enter 'D' to draw a card, or enter the number of the card to play. 7
[H[2JPlayer: 2
Current Card: Card(10, S)

Your Hand:
0: Card(7, D)
1: Card(8, D)
2: Card(5, S)

Enter 'D' to draw a card, or enter the number of the card to play. 2
[H[2JPlayer: 1
Current Card: Card(5, S)

Your Hand:
0: Card(2, C)
1: Card(8, C)
2: Card(4, S)
3: Card(Q, C)
4: Card(J, S)
5: Card(A, S)
6: Card(3, C)
7: Card(J, C)
8: Card(8, S)
9: Card(5, C)
10: Card(3, S)
11: Card(K, S)
12: Card(6, S)
13: Card(2, H)
14: Card(8, H)

Enter 'D' to draw a card, or enter the number of the card to play. 2
[H[2JPlayer: 2
Current Card: Card(4, S)

Your Hand:
0: Card(7, D)
1: Card(8, D)

Enter 'D' to draw a card, or enter the number of the card to play. d
[H[2JPlayer: 2
Current Card: Card(4, S)

Your Hand:
0: Card(7, D)
1: Card(8, D)
2: Card(5, D)

Enter 'D' to draw a card, or enter the number of the card to play. d
[H[2JPlayer: 2
Current Card: Card(4, S)

Your Hand:
0: Card(7, D)
1: Card(8, D)
2: Card(5, D)
3: Card(K, D)

Enter 'D' to draw a card, or enter the number of the card to play. d
[H[2JPlayer: 2
Current Card: Card(4, S)

Your Hand:
0: Card(7, D)
1: Card(8, D)
2: Card(5, D)
3: Card(K, D)
4: Card(9, D)

Enter 'D' to draw a card, or enter the number of the card to play. d
[H[2JPlayer: 2
Current Card: Card(4, S)

Your Hand:
0: Card(7, D)
1: Card(8, D)
2: Card(5, D)
3: Card(K, D)
4: Card(9, D)
5: Card(9, C)

Enter 'D' to draw a card, or enter the number of the card to play. d
[H[2JPlayer: 2
Current Card: Card(4, S)

Your Hand:
0: Card(7, D)
1: Card(8, D)
2: Card(5, D)
3: Card(K, D)
4: Card(9, D)
5: Card(9, C)
6: Card(4, H)

Enter 'D' to draw a card, or enter the number of the card to play. d
[H[2JPlayer: 2
Current Card: Card(4, S)

Your Hand:
0: Card(7, D)
1: Card(8, D)
2: Card(5, D)
3: Card(K, D)
4: Card(9, D)
5: Card(9, C)
6: Card(4, H)
7: Card(6, C)

Enter 'D' to draw a card, or enter the number of the card to play. 6
[H[2JPlayer: 1
Current Card: Card(4, H)

Your Hand:
0: Card(2, C)
1: Card(8, C)
2: Card(Q, C)
3: Card(J, S)
4: Card(A, S)
5: Card(3, C)
6: Card(J, C)
7: Card(8, S)
8: Card(5, C)
9: Card(3, S)
10: Card(K, S)
11: Card(6, S)
12: Card(2, H)
13: Card(8, H)

Enter 'D' to draw a card, or enter the number of the card to play. 13
You played an 8! What suit (C, D, H, S) would you like to choose? d
[H[2JPlayer: 2
Current Suit: D
Your Hand:
0: Card(7, D)
1: Card(8, D)
2: Card(5, D)
3: Card(K, D)
4: Card(9, D)
5: Card(9, C)
6: Card(6, C)

Enter 'D' to draw a card, or enter the number of the card to play. 4
[H[2JPlayer: 1
Current Card: Card(9, D)

Your Hand:
0: Card(2, C)
1: Card(8, C)
2: Card(Q, C)
3: Card(J, S)
4: Card(A, S)
5: Card(3, C)
6: Card(J, C)
7: Card(8, S)
8: Card(5, C)
9: Card(3, S)
10: Card(K, S)
11: Card(6, S)
12: Card(2, H)
13: Card(8, H)

Enter 'D' to draw a card, or enter the number of the card to play. d
[H[2JPlayer: 1
Current Card: Card(9, D)

Your Hand:
0: Card(2, C)
1: Card(8, C)
2: Card(Q, C)
3: Card(J, S)
4: Card(A, S)
5: Card(3, C)
6: Card(J, C)
7: Card(8, S)
8: Card(5, C)
9: Card(3, S)
10: Card(K, S)
11: Card(6, S)
12: Card(2, H)
13: Card(8, H)
14: Card(9, H)

Enter 'D' to draw a card, or enter the number of the card to play. 14
[H[2JPlayer: 2
Current Card: Card(9, H)

Your Hand:
0: Card(7, D)
1: Card(8, D)
2: Card(5, D)
3: Card(K, D)
4: Card(9, C)
5: Card(6, C)

Enter 'D' to draw a card, or enter the number of the card to play. 4
[H[2JPlayer: 1
Current Card: Card(9, C)

Your Hand:
0: Card(2, C)
1: Card(8, C)
2: Card(Q, C)
3: Card(J, S)
4: Card(A, S)
5: Card(3, C)
6: Card(J, C)
7: Card(8, S)
8: Card(5, C)
9: Card(3, S)
10: Card(K, S)
11: Card(6, S)
12: Card(2, H)
13: Card(8, H)

Enter 'D' to draw a card, or enter the number of the card to play. 2
[H[2JPlayer: 2
Current Card: Card(Q, C)

Your Hand:
0: Card(7, D)
1: Card(8, D)
2: Card(5, D)
3: Card(K, D)
4: Card(6, C)

Enter 'D' to draw a card, or enter the number of the card to play. 4
[H[2JPlayer: 1
Current Card: Card(6, C)

Your Hand:
0: Card(2, C)
1: Card(8, C)
2: Card(J, S)
3: Card(A, S)
4: Card(3, C)
5: Card(J, C)
6: Card(8, S)
7: Card(5, C)
8: Card(3, S)
9: Card(K, S)
10: Card(6, S)
11: Card(2, H)
12: Card(8, H)

Enter 'D' to draw a card, or enter the number of the card to play. 0
[H[2JPlayer: 2
Current Card: Card(2, C)

Your Hand:
0: Card(7, D)
1: Card(8, D)
2: Card(5, D)
3: Card(K, D)

Enter 'D' to draw a card, or enter the number of the card to play. d
[H[2JPlayer: 2
Current Card: Card(2, C)

Your Hand:
0: Card(7, D)
1: Card(8, D)
2: Card(5, D)
3: Card(K, D)
4: Card(10, H)

Enter 'D' to draw a card, or enter the number of the card to play. d
[H[2JPlayer: 2
Current Card: Card(2, C)

Your Hand:
0: Card(7, D)
1: Card(8, D)
2: Card(5, D)
3: Card(K, D)
4: Card(10, H)
5: Card(K, C)

Enter 'D' to draw a card, or enter the number of the card to play. 5
[H[2JPlayer: 1
Current Card: Card(K, C)

Your Hand:
0: Card(8, C)
1: Card(J, S)
2: Card(A, S)
3: Card(3, C)
4: Card(J, C)
5: Card(8, S)
6: Card(5, C)
7: Card(3, S)
8: Card(K, S)
9: Card(6, S)
10: Card(2, H)
11: Card(8, H)

Enter 'D' to draw a card, or enter the number of the card to play. 0
You played an 8! What suit (C, D, H, S) would you like to choose? s
[H[2JPlayer: 2
Current Suit: S
Your Hand:
0: Card(7, D)
1: Card(8, D)
2: Card(5, D)
3: Card(K, D)
4: Card(10, H)

Enter 'D' to draw a card, or enter the number of the card to play. d
[H[2JPlayer: 2
Current Suit: S
Your Hand:
0: Card(7, D)
1: Card(8, D)
2: Card(5, D)
3: Card(K, D)
4: Card(10, H)
5: Card(9, S)

Enter 'D' to draw a card, or enter the number of the card to play. 5
[H[2JPlayer: 1
Current Card: Card(9, S)

Your Hand:
0: Card(8, C)
1: Card(J, S)
2: Card(A, S)
3: Card(3, C)
4: Card(J, C)
5: Card(8, S)
6: Card(5, C)
7: Card(3, S)
8: Card(K, S)
9: Card(6, S)
10: Card(2, H)
11: Card(8, H)

Enter 'D' to draw a card, or enter the number of the card to play. 7
[H[2JPlayer: 2
Current Card: Card(3, S)

Your Hand:
0: Card(7, D)
1: Card(8, D)
2: Card(5, D)
3: Card(K, D)
4: Card(10, H)

Enter 'D' to draw a card, or enter the number of the card to play. d
[H[2JPlayer: 2
Current Card: Card(3, S)

Your Hand:
0: Card(7, D)
1: Card(8, D)
2: Card(5, D)
3: Card(K, D)
4: Card(10, H)
5: Card(3, D)

Enter 'D' to draw a card, or enter the number of the card to play. 5
[H[2JPlayer: 1
Current Card: Card(3, D)

Your Hand:
0: Card(8, C)
1: Card(J, S)
2: Card(A, S)
3: Card(3, C)
4: Card(J, C)
5: Card(8, S)
6: Card(5, C)
7: Card(K, S)
8: Card(6, S)
9: Card(2, H)
10: Card(8, H)

Enter 'D' to draw a card, or enter the number of the card to play. 10
You played an 8! What suit (C, D, H, S) would you like to choose? h
[H[2JPlayer: 2
Current Suit: H
Your Hand:
0: Card(7, D)
1: Card(8, D)
2: Card(5, D)
3: Card(K, D)
4: Card(10, H)

Enter 'D' to draw a card, or enter the number of the card to play. 4
[H[2JPlayer: 1
Current Card: Card(10, H)

Your Hand:
0: Card(8, C)
1: Card(J, S)
2: Card(A, S)
3: Card(3, C)
4: Card(J, C)
5: Card(8, S)
6: Card(5, C)
7: Card(K, S)
8: Card(6, S)
9: Card(2, H)
10: Card(8, H)

Enter 'D' to draw a card, or enter the number of the card to play. 10
You played an 8! What suit (C, D, H, S) would you like to choose? d
[H[2JPlayer: 2
Current Suit: D
Your Hand:
0: Card(7, D)
1: Card(8, D)
2: Card(5, D)
3: Card(K, D)

Enter 'D' to draw a card, or enter the number of the card to play. 0
[H[2JPlayer: 1
Current Card: Card(7, D)

Your Hand:
0: Card(8, C)
1: Card(J, S)
2: Card(A, S)
3: Card(3, C)
4: Card(J, C)
5: Card(8, S)
6: Card(5, C)
7: Card(K, S)
8: Card(6, S)
9: Card(2, H)
10: Card(8, H)

Enter 'D' to draw a card, or enter the number of the card to play. d
[H[2JPlayer: 1
Current Card: Card(7, D)

Your Hand:
0: Card(8, C)
1: Card(J, S)
2: Card(A, S)
3: Card(3, C)
4: Card(J, C)
5: Card(8, S)
6: Card(5, C)
7: Card(K, S)
8: Card(6, S)
9: Card(2, H)
10: Card(8, H)
11: Card(4, C)

Enter 'D' to draw a card, or enter the number of the card to play. d
[H[2JPlayer: 1
Current Card: Card(7, D)

Your Hand:
0: Card(8, C)
1: Card(J, S)
2: Card(A, S)
3: Card(3, C)
4: Card(J, C)
5: Card(8, S)
6: Card(5, C)
7: Card(K, S)
8: Card(6, S)
9: Card(2, H)
10: Card(8, H)
11: Card(4, C)
12: Card(2, S)

Enter 'D' to draw a card, or enter the number of the card to play. d
[H[2JPlayer: 1
Current Card: Card(7, D)

Your Hand:
0: Card(8, C)
1: Card(J, S)
2: Card(A, S)
3: Card(3, C)
4: Card(J, C)
5: Card(8, S)
6: Card(5, C)
7: Card(K, S)
8: Card(6, S)
9: Card(2, H)
10: Card(8, H)
11: Card(4, C)
12: Card(2, S)
13: Card(Q, D)

Enter 'D' to draw a card, or enter the number of the card to play. 13
[H[2JPlayer: 2
Current Card: Card(Q, D)

Your Hand:
0: Card(8, D)
1: Card(5, D)
2: Card(K, D)

Enter 'D' to draw a card, or enter the number of the card to play. 1
[H[2JPlayer: 1
Current Card: Card(5, D)

Your Hand:
0: Card(8, C)
1: Card(J, S)
2: Card(A, S)
3: Card(3, C)
4: Card(J, C)
5: Card(8, S)
6: Card(5, C)
7: Card(K, S)
8: Card(6, S)
9: Card(2, H)
10: Card(8, H)
11: Card(4, C)
12: Card(2, S)

Enter 'D' to draw a card, or enter the number of the card to play. 6
[H[2JPlayer: 2
Current Card: Card(5, C)

Your Hand:
0: Card(8, D)
1: Card(K, D)

Enter 'D' to draw a card, or enter the number of the card to play. d
[H[2JPlayer: 2
Current Card: Card(5, C)

Your Hand:
0: Card(8, D)
1: Card(K, D)
2: Card(J, D)

Enter 'D' to draw a card, or enter the number of the card to play. d
[H[2JPlayer: 2
Current Card: Card(5, C)

Your Hand:
0: Card(8, D)
1: Card(K, D)
2: Card(J, D)
3: Card(A, D)

Enter 'D' to draw a card, or enter the number of the card to play. d
[H[2JPlayer: 2
Current Card: Card(5, C)

Your Hand:
0: Card(8, D)
1: Card(K, D)
2: Card(J, D)
3: Card(A, D)
4: Card(2, D)

Enter 'D' to draw a card, or enter the number of the card to play. d
[H[2JPlayer: 2
Current Card: Card(5, C)

Your Hand:
0: Card(8, D)
1: Card(K, D)
2: Card(J, D)
3: Card(A, D)
4: Card(2, D)
5: Card(7, C)

Enter 'D' to draw a card, or enter the number of the card to play. d 5
[H[2JPlayer: 1
Current Card: Card(7, C)

Your Hand:
0: Card(8, C)
1: Card(J, S)
2: Card(A, S)
3: Card(3, C)
4: Card(J, C)
5: Card(8, S)
6: Card(K, S)
7: Card(6, S)
8: Card(2, H)
9: Card(8, H)
10: Card(4, C)
11: Card(2, S)

Enter 'D' to draw a card, or enter the number of the card to play. 0
You played an 8! What suit (C, D, H, S) would you like to choose? d
[H[2JPlayer: 2
Current Suit: D
Your Hand:
0: Card(8, D)
1: Card(K, D)
2: Card(J, D)
3: Card(A, D)
4: Card(2, D)

Enter 'D' to draw a card, or enter the number of the card to play. 1
[H[2JPlayer: 1
Current Card: Card(K, D)

Your Hand:
0: Card(8, C)
1: Card(J, S)
2: Card(A, S)
3: Card(3, C)
4: Card(J, C)
5: Card(8, S)
6: Card(K, S)
7: Card(6, S)
8: Card(2, H)
9: Card(8, H)
10: Card(4, C)
11: Card(2, S)

Enter 'D' to draw a card, or enter the number of the card to play. d
[H[2JPlayer: 1
Current Card: Card(K, D)

Your Hand:
0: Card(8, C)
1: Card(J, S)
2: Card(A, S)
3: Card(3, C)
4: Card(J, C)
5: Card(8, S)
6: Card(K, S)
7: Card(6, S)
8: Card(2, H)
9: Card(8, H)
10: Card(4, C)
11: Card(2, S)
12: Card(10, C)

Enter 'D' to draw a card, or enter the number of the card to play. 6
[H[2JPlayer: 2
Current Card: Card(K, S)

Your Hand:
0: Card(8, D)
1: Card(J, D)
2: Card(A, D)
3: Card(2, D)

Enter 'D' to draw a card, or enter the number of the card to play. d
[H[2JPlayer: 2
Current Card: Card(K, S)

Your Hand:
0: Card(8, D)
1: Card(J, D)
2: Card(A, D)
3: Card(2, D)
4: Card(7, H)

Enter 'D' to draw a card, or enter the number of the card to play. d
[H[2JPlayer: 2
Current Card: Card(K, S)

Your Hand:
0: Card(8, D)
1: Card(J, D)
2: Card(A, D)
3: Card(2, D)
4: Card(7, H)
5: Card(A, C)
Game over! Deck empty!
Player 1 score: 207
Player 2 score: 89
Player 2 wins!
bash-3.2$ exit
exit

Script done on Sat Apr 14 17:34:07 2018
