Script started on Tue Mar 13 08:58:21 2018
[?1034hbash-3.2$ python game.py
[H[2JPlayer: 1
Current Suit: D Current Card: Card(J, D)

Your Hand:
0: Card(5, C)
1: Card(A, H)
2: Card(K, C)
3: Card(Q, D)
4: Card(4, C)

Enter 'D' to draw a card, or enter the number of the card to play. '3'
[H[2JPlayer: 1
Current Suit: D Current Card: Card(Q, D)

Your Hand:
0: Card(5, C)
1: Card(A, H)
2: Card(K, C)
3: Card(4, C)
[H[2JPlayer: 2
Current Suit: D Current Card: Card(Q, D)

Your Hand:
0: Card(4, H)
1: Card(Q, H)
2: Card(10, H)
3: Card(3, C)
4: Card(8, H)

Enter 'D' to draw a card, or enter the number of the card to play. '1'
[H[2JPlayer: 2
Current Suit: H Current Card: Card(Q, H)

Your Hand:
0: Card(4, H)
1: Card(10, H)
2: Card(3, C)
3: Card(8, H)
[H[2JPlayer: 1
Current Suit: H Current Card: Card(Q, H)

Your Hand:
0: Card(5, C)
1: Card(A, H)
2: Card(K, C)
3: Card(4, C)

Enter 'D' to draw a card, or enter the number of the card to play. '1'
[H[2JPlayer: 1
Current Suit: H Current Card: Card(A, H)

Your Hand:
0: Card(5, C)
1: Card(K, C)
2: Card(4, C)
[H[2JPlayer: 2
Current Suit: H Current Card: Card(A, H)

Your Hand:
0: Card(4, H)
1: Card(10, H)
2: Card(3, C)
3: Card(8, H)

Enter 'D' to draw a card, or enter the number of the card to play. '0'
[H[2JPlayer: 2
Current Suit: H Current Card: Card(4, H)

Your Hand:
0: Card(10, H)
1: Card(3, C)
2: Card(8, H)
[H[2JPlayer: 1
Current Suit: H Current Card: Card(4, H)

Your Hand:
0: Card(5, C)
1: Card(K, C)
2: Card(4, C)

Enter 'D' to draw a card, or enter the number of the card to play. '2'
[H[2JPlayer: 1
Current Suit: C Current Card: Card(4, C)

Your Hand:
0: Card(5, C)
1: Card(K, C)
[H[2JPlayer: 2
Current Suit: C Current Card: Card(4, C)

Your Hand:
0: Card(10, H)
1: Card(3, C)
2: Card(8, H)

Enter 'D' to draw a card, or enter the number of the card to play. '1'
[H[2JPlayer: 2
Current Suit: C Current Card: Card(3, C)

Your Hand:
0: Card(10, H)
1: Card(8, H)
[H[2JPlayer: 1
Current Suit: C Current Card: Card(3, C)

Your Hand:
0: Card(5, C)
1: Card(K, C)

Enter 'D' to draw a card, or enter the number of the card to play. '0'
[H[2JPlayer: 1
Current Suit: C Current Card: Card(5, C)

Your Hand:
0: Card(K, C)
[H[2JPlayer: 2
Current Suit: C Current Card: Card(5, C)

Your Hand:
0: Card(10, H)
1: Card(8, H)

Enter 'D' to draw a card, or enter the number of the card to play. '0'
[H[2JPlayer: 2
Current Suit: C Current Card: Card(5, C)

Your Hand:
0: Card(10, H)
1: Card(8, H)
[H[2JPlayer: 2
Current Suit: C Current Card: Card(5, C)

Your Hand:
0: Card(10, H)
1: Card(8, H)

Enter 'D' to draw a card, or enter the number of the card to play. '0'
[H[2JPlayer: 2
Current Suit: C Current Card: Card(5, C)

Your Hand:
0: Card(10, H)
1: Card(8, H)
[H[2JPlayer: 2
Current Suit: C Current Card: Card(5, C)

Your Hand:
0: Card(10, H)
1: Card(8, H)

Enter 'D' to draw a card, or enter the number of the card to play. '1'
[H[2JPlayer: 2
Current Suit: C Current Card: Card(5, C)

Your Hand:
0: Card(10, H)
1: Card(8, H)
[H[2JPlayer: 2
Current Suit: C Current Card: Card(5, C)

Your Hand:
0: Card(10, H)
1: Card(8, H)

Enter 'D' to draw a card, or enter the number of the card to play. 'D'
[H[2JPlayer: 2
Current Suit: C Current Card: Card(5, C)

Your Hand:
0: Card(10, H)
1: Card(8, H)
2: Card(J, C)

Enter 'D' to draw a card, or enter the number of the card to play. '2'
[H[2JPlayer: 2
Current Suit: C Current Card: Card(J, C)

Your Hand:
0: Card(10, H)
1: Card(8, H)
[H[2JPlayer: 1
Current Suit: C Current Card: Card(J, C)

Your Hand:
0: Card(K, C)

Enter 'D' to draw a card, or enter the number of the card to play. '0'
[H[2JGame over! Player 1 wins!
bash-3.2$ exit
exit

Script done on Tue Mar 13 08:59:45 2018
