Script started on Tue Mar 13 09:02:07 2018
[?1034hbash-3.2$ python game.py
[H[2JPlayer: 1
Current Suit: D Current Card: Card(Q, D)

Your Hand:
0: Card(8, H)
1: Card(3, S)
2: Card(J, C)
3: Card(K, S)
4: Card(A, C)

Enter 'D' to draw a card, or enter the number of the card to play. 'd'
[H[2JPlayer: 1
Current Suit: D Current Card: Card(Q, D)

Your Hand:
0: Card(8, H)
1: Card(3, S)
2: Card(J, C)
3: Card(K, S)
4: Card(A, C)
[H[2JPlayer: 1
Current Suit: D Current Card: Card(Q, D)

Your Hand:
0: Card(8, H)
1: Card(3, S)
2: Card(J, C)
3: Card(K, S)
4: Card(A, C)

Enter 'D' to draw a card, or enter the number of the card to play. 'D'
[H[2JPlayer: 1
Current Suit: D Current Card: Card(Q, D)

Your Hand:
0: Card(8, H)
1: Card(3, S)
2: Card(J, C)
3: Card(K, S)
4: Card(A, C)
5: Card(2, H)

Enter 'D' to draw a card, or enter the number of the card to play. 'D'
[H[2JPlayer: 1
Current Suit: D Current Card: Card(Q, D)

Your Hand:
0: Card(8, H)
1: Card(3, S)
2: Card(J, C)
3: Card(K, S)
4: Card(A, C)
5: Card(2, H)
6: Card(9, C)

Enter 'D' to draw a card, or enter the number of the card to play. 'D'
[H[2JPlayer: 1
Current Suit: D Current Card: Card(Q, D)

Your Hand:
0: Card(8, H)
1: Card(3, S)
2: Card(J, C)
3: Card(K, S)
4: Card(A, C)
5: Card(2, H)
6: Card(9, C)
7: Card(7, C)

Enter 'D' to draw a card, or enter the number of the card to play. 'D'
[H[2JPlayer: 1
Current Suit: D Current Card: Card(Q, D)

Your Hand:
0: Card(8, H)
1: Card(3, S)
2: Card(J, C)
3: Card(K, S)
4: Card(A, C)
5: Card(2, H)
6: Card(9, C)
7: Card(7, C)
8: Card(5, D)

Enter 'D' to draw a card, or enter the number of the card to play. '8'
[H[2JPlayer: 1
Current Suit: D Current Card: Card(5, D)

Your Hand:
0: Card(8, H)
1: Card(3, S)
2: Card(J, C)
3: Card(K, S)
4: Card(A, C)
5: Card(2, H)
6: Card(9, C)
7: Card(7, C)
[H[2JPlayer: 2
Current Suit: D Current Card: Card(5, D)

Your Hand:
0: Card(Q, C)
1: Card(3, D)
2: Card(10, D)
3: Card(A, H)
4: Card(9, H)

Enter 'D' to draw a card, or enter the number of the card to play. '1'
[H[2JPlayer: 2
Current Suit: D Current Card: Card(3, D)

Your Hand:
0: Card(Q, C)
1: Card(10, D)
2: Card(A, H)
3: Card(9, H)
[H[2JPlayer: 1
Current Suit: D Current Card: Card(3, D)

Your Hand:
0: Card(8, H)
1: Card(3, S)
2: Card(J, C)
3: Card(K, S)
4: Card(A, C)
5: Card(2, H)
6: Card(9, C)
7: Card(7, C)

Enter 'D' to draw a card, or enter the number of the card to play. '1'
[H[2JPlayer: 1
Current Suit: S Current Card: Card(3, S)

Your Hand:
0: Card(8, H)
1: Card(J, C)
2: Card(K, S)
3: Card(A, C)
4: Card(2, H)
5: Card(9, C)
6: Card(7, C)
[H[2JPlayer: 2
Current Suit: S Current Card: Card(3, S)

Your Hand:
0: Card(Q, C)
1: Card(10, D)
2: Card(A, H)
3: Card(9, H)

Enter 'D' to draw a card, or enter the number of the card to play. 'D'
[H[2JPlayer: 2
Current Suit: S Current Card: Card(3, S)

Your Hand:
0: Card(Q, C)
1: Card(10, D)
2: Card(A, H)
3: Card(9, H)
4: Card(3, H)

Enter 'D' to draw a card, or enter the number of the card to play. '4'
[H[2JPlayer: 2
Current Suit: H Current Card: Card(3, H)

Your Hand:
0: Card(Q, C)
1: Card(10, D)
2: Card(A, H)
3: Card(9, H)
[H[2JPlayer: 1
Current Suit: H Current Card: Card(3, H)

Your Hand:
0: Card(8, H)
1: Card(J, C)
2: Card(K, S)
3: Card(A, C)
4: Card(2, H)
5: Card(9, C)
6: Card(7, C)

Enter 'D' to draw a card, or enter the number of the card to play. '0'
[H[2JPlayer: 1
Current Suit: H Current Card: Card(8, H)

Your Hand:
0: Card(J, C)
1: Card(K, S)
2: Card(A, C)
3: Card(2, H)
4: Card(9, C)
5: Card(7, C)
[H[2JPlayer: 2
Current Suit: H Current Card: Card(8, H)

Your Hand:
0: Card(Q, C)
1: Card(10, D)
2: Card(A, H)
3: Card(9, H)

Enter 'D' to draw a card, or enter the number of the card to play. '3'
[H[2JPlayer: 2
Current Suit: H Current Card: Card(9, H)

Your Hand:
0: Card(Q, C)
1: Card(10, D)
2: Card(A, H)
[H[2JPlayer: 1
Current Suit: H Current Card: Card(9, H)

Your Hand:
0: Card(J, C)
1: Card(K, S)
2: Card(A, C)
3: Card(2, H)
4: Card(9, C)
5: Card(7, C)

Enter 'D' to draw a card, or enter the number of the card to play. '4'
[H[2JPlayer: 1
Current Suit: C Current Card: Card(9, C)

Your Hand:
0: Card(J, C)
1: Card(K, S)
2: Card(A, C)
3: Card(2, H)
4: Card(7, C)
[H[2JPlayer: 2
Current Suit: C Current Card: Card(9, C)

Your Hand:
0: Card(Q, C)
1: Card(10, D)
2: Card(A, H)

Enter 'D' to draw a card, or enter the number of the card to play. '0'
[H[2JPlayer: 2
Current Suit: C Current Card: Card(Q, C)

Your Hand:
0: Card(10, D)
1: Card(A, H)
[H[2JPlayer: 1
Current Suit: C Current Card: Card(Q, C)

Your Hand:
0: Card(J, C)
1: Card(K, S)
2: Card(A, C)
3: Card(2, H)
4: Card(7, C)

Enter 'D' to draw a card, or enter the number of the card to play. '0'
[H[2JPlayer: 1
Current Suit: C Current Card: Card(J, C)

Your Hand:
0: Card(K, S)
1: Card(A, C)
2: Card(2, H)
3: Card(7, C)
[H[2JPlayer: 2
Current Suit: C Current Card: Card(J, C)

Your Hand:
0: Card(10, D)
1: Card(A, H)

Enter 'D' to draw a card, or enter the number of the card to play. 'D'
[H[2JPlayer: 2
Current Suit: C Current Card: Card(J, C)

Your Hand:
0: Card(10, D)
1: Card(A, H)
2: Card(6, H)

Enter 'D' to draw a card, or enter the number of the card to play. 'D'
[H[2JPlayer: 2
Current Suit: C Current Card: Card(J, C)

Your Hand:
0: Card(10, D)
1: Card(A, H)
2: Card(6, H)
3: Card(6, C)

Enter 'D' to draw a card, or enter the number of the card to play. '3'
[H[2JPlayer: 2
Current Suit: C Current Card: Card(6, C)

Your Hand:
0: Card(10, D)
1: Card(A, H)
2: Card(6, H)
[H[2JPlayer: 1
Current Suit: C Current Card: Card(6, C)

Your Hand:
0: Card(K, S)
1: Card(A, C)
2: Card(2, H)
3: Card(7, C)

Enter 'D' to draw a card, or enter the number of the card to play. '3'
[H[2JPlayer: 1
Current Suit: C Current Card: Card(7, C)

Your Hand:
0: Card(K, S)
1: Card(A, C)
2: Card(2, H)
[H[2JPlayer: 2
Current Suit: C Current Card: Card(7, C)

Your Hand:
0: Card(10, D)
1: Card(A, H)
2: Card(6, H)

Enter 'D' to draw a card, or enter the number of the card to play. 'D'
[H[2JPlayer: 2
Current Suit: C Current Card: Card(7, C)

Your Hand:
0: Card(10, D)
1: Card(A, H)
2: Card(6, H)
3: Card(6, D)

Enter 'D' to draw a card, or enter the number of the card to play. 'D'
[H[2JPlayer: 2
Current Suit: C Current Card: Card(7, C)

Your Hand:
0: Card(10, D)
1: Card(A, H)
2: Card(6, H)
3: Card(6, D)
4: Card(5, H)

Enter 'D' to draw a card, or enter the number of the card to play. 'D'
[H[2JPlayer: 2
Current Suit: C Current Card: Card(7, C)

Your Hand:
0: Card(10, D)
1: Card(A, H)
2: Card(6, H)
3: Card(6, D)
4: Card(5, H)
5: Card(7, D)

Enter 'D' to draw a card, or enter the number of the card to play. '5'
[H[2JPlayer: 2
Current Suit: D Current Card: Card(7, D)

Your Hand:
0: Card(10, D)
1: Card(A, H)
2: Card(6, H)
3: Card(6, D)
4: Card(5, H)
[H[2JPlayer: 1
Current Suit: D Current Card: Card(7, D)

Your Hand:
0: Card(K, S)
1: Card(A, C)
2: Card(2, H)

Enter 'D' to draw a card, or enter the number of the card to play. 'D'
[H[2JPlayer: 1
Current Suit: D Current Card: Card(7, D)

Your Hand:
0: Card(K, S)
1: Card(A, C)
2: Card(2, H)
3: Card(J, S)

Enter 'D' to draw a card, or enter the number of the card to play. 'D'
[H[2JPlayer: 1
Current Suit: D Current Card: Card(7, D)

Your Hand:
0: Card(K, S)
1: Card(A, C)
2: Card(2, H)
3: Card(J, S)
4: Card(9, S)

Enter 'D' to draw a card, or enter the number of the card to play. 'D'
[H[2JPlayer: 1
Current Suit: D Current Card: Card(7, D)

Your Hand:
0: Card(K, S)
1: Card(A, C)
2: Card(2, H)
3: Card(J, S)
4: Card(9, S)
5: Card(3, C)

Enter 'D' to draw a card, or enter the number of the card to play. 'D'
[H[2JPlayer: 1
Current Suit: D Current Card: Card(7, D)

Your Hand:
0: Card(K, S)
1: Card(A, C)
2: Card(2, H)
3: Card(J, S)
4: Card(9, S)
5: Card(3, C)
6: Card(2, D)

Enter 'D' to draw a card, or enter the number of the card to play. '6'
[H[2JPlayer: 1
Current Suit: D Current Card: Card(2, D)

Your Hand:
0: Card(K, S)
1: Card(A, C)
2: Card(2, H)
3: Card(J, S)
4: Card(9, S)
5: Card(3, C)
[H[2JPlayer: 2
Current Suit: D Current Card: Card(2, D)

Your Hand:
0: Card(10, D)
1: Card(A, H)
2: Card(6, H)
3: Card(6, D)
4: Card(5, H)

Enter 'D' to draw a card, or enter the number of the card to play. '0'
[H[2JPlayer: 2
Current Suit: D Current Card: Card(10, D)

Your Hand:
0: Card(A, H)
1: Card(6, H)
2: Card(6, D)
3: Card(5, H)
[H[2JPlayer: 1
Current Suit: D Current Card: Card(10, D)

Your Hand:
0: Card(K, S)
1: Card(A, C)
2: Card(2, H)
3: Card(J, S)
4: Card(9, S)
5: Card(3, C)

Enter 'D' to draw a card, or enter the number of the card to play. 'D'
[H[2JPlayer: 1
Current Suit: D Current Card: Card(10, D)

Your Hand:
0: Card(K, S)
1: Card(A, C)
2: Card(2, H)
3: Card(J, S)
4: Card(9, S)
5: Card(3, C)
6: Card(9, D)

Enter 'D' to draw a card, or enter the number of the card to play. '6'
[H[2JPlayer: 1
Current Suit: D Current Card: Card(9, D)

Your Hand:
0: Card(K, S)
1: Card(A, C)
2: Card(2, H)
3: Card(J, S)
4: Card(9, S)
5: Card(3, C)
[H[2JPlayer: 2
Current Suit: D Current Card: Card(9, D)

Your Hand:
0: Card(A, H)
1: Card(6, H)
2: Card(6, D)
3: Card(5, H)

Enter 'D' to draw a card, or enter the number of the card to play. '2'
[H[2JPlayer: 2
Current Suit: D Current Card: Card(6, D)

Your Hand:
0: Card(A, H)
1: Card(6, H)
2: Card(5, H)
[H[2JPlayer: 1
Current Suit: D Current Card: Card(6, D)

Your Hand:
0: Card(K, S)
1: Card(A, C)
2: Card(2, H)
3: Card(J, S)
4: Card(9, S)
5: Card(3, C)

Enter 'D' to draw a card, or enter the number of the card to play. 'D'
[H[2JPlayer: 1
Current Suit: D Current Card: Card(6, D)

Your Hand:
0: Card(K, S)
1: Card(A, C)
2: Card(2, H)
3: Card(J, S)
4: Card(9, S)
5: Card(3, C)
6: Card(J, H)

Enter 'D' to draw a card, or enter the number of the card to play. 'D'
[H[2JPlayer: 1
Current Suit: D Current Card: Card(6, D)

Your Hand:
0: Card(K, S)
1: Card(A, C)
2: Card(2, H)
3: Card(J, S)
4: Card(9, S)
5: Card(3, C)
6: Card(J, H)
7: Card(7, S)

Enter 'D' to draw a card, or enter the number of the card to play. 'D'
[H[2JPlayer: 1
Current Suit: D Current Card: Card(6, D)

Your Hand:
0: Card(K, S)
1: Card(A, C)
2: Card(2, H)
3: Card(J, S)
4: Card(9, S)
5: Card(3, C)
6: Card(J, H)
7: Card(7, S)
8: Card(10, C)

Enter 'D' to draw a card, or enter the number of the card to play. 'D'
[H[2JPlayer: 1
Current Suit: D Current Card: Card(6, D)

Your Hand:
0: Card(K, S)
1: Card(A, C)
2: Card(2, H)
3: Card(J, S)
4: Card(9, S)
5: Card(3, C)
6: Card(J, H)
7: Card(7, S)
8: Card(10, C)
9: Card(7, H)

Enter 'D' to draw a card, or enter the number of the card to play. 'D'
[H[2JPlayer: 1
Current Suit: D Current Card: Card(6, D)

Your Hand:
0: Card(K, S)
1: Card(A, C)
2: Card(2, H)
3: Card(J, S)
4: Card(9, S)
5: Card(3, C)
6: Card(J, H)
7: Card(7, S)
8: Card(10, C)
9: Card(7, H)
10: Card(4, C)

Enter 'D' to draw a card, or enter the number of the card to play. 'D'
[H[2JPlayer: 1
Current Suit: D Current Card: Card(6, D)

Your Hand:
0: Card(K, S)
1: Card(A, C)
2: Card(2, H)
3: Card(J, S)
4: Card(9, S)
5: Card(3, C)
6: Card(J, H)
7: Card(7, S)
8: Card(10, C)
9: Card(7, H)
10: Card(4, C)
11: Card(4, D)

Enter 'D' to draw a card, or enter the number of the card to play. '11'
[H[2JPlayer: 1
Current Suit: D Current Card: Card(4, D)

Your Hand:
0: Card(K, S)
1: Card(A, C)
2: Card(2, H)
3: Card(J, S)
4: Card(9, S)
5: Card(3, C)
6: Card(J, H)
7: Card(7, S)
8: Card(10, C)
9: Card(7, H)
10: Card(4, C)
[H[2JPlayer: 2
Current Suit: D Current Card: Card(4, D)

Your Hand:
0: Card(A, H)
1: Card(6, H)
2: Card(5, H)

Enter 'D' to draw a card, or enter the number of the card to play. 'D'
[H[2JPlayer: 2
Current Suit: D Current Card: Card(4, D)

Your Hand:
0: Card(A, H)
1: Card(6, H)
2: Card(5, H)
3: Card(K, D)

Enter 'D' to draw a card, or enter the number of the card to play. '3'
[H[2JPlayer: 2
Current Suit: D Current Card: Card(K, D)

Your Hand:
0: Card(A, H)
1: Card(6, H)
2: Card(5, H)
[H[2JPlayer: 1
Current Suit: D Current Card: Card(K, D)

Your Hand:
0: Card(K, S)
1: Card(A, C)
2: Card(2, H)
3: Card(J, S)
4: Card(9, S)
5: Card(3, C)
6: Card(J, H)
7: Card(7, S)
8: Card(10, C)
9: Card(7, H)
10: Card(4, C)

Enter 'D' to draw a card, or enter the number of the card to play. '0'
[H[2JPlayer: 1
Current Suit: S Current Card: Card(K, S)

Your Hand:
0: Card(A, C)
1: Card(2, H)
2: Card(J, S)
3: Card(9, S)
4: Card(3, C)
5: Card(J, H)
6: Card(7, S)
7: Card(10, C)
8: Card(7, H)
9: Card(4, C)
[H[2JPlayer: 2
Current Suit: S Current Card: Card(K, S)

Your Hand:
0: Card(A, H)
1: Card(6, H)
2: Card(5, H)

Enter 'D' to draw a card, or enter the number of the card to play. 'D'
[H[2JPlayer: 2
Current Suit: S Current Card: Card(K, S)

Your Hand:
0: Card(A, H)
1: Card(6, H)
2: Card(5, H)
3: Card(2, S)

Enter 'D' to draw a card, or enter the number of the card to play. '3'
[H[2JPlayer: 2
Current Suit: S Current Card: Card(2, S)

Your Hand:
0: Card(A, H)
1: Card(6, H)
2: Card(5, H)
[H[2JPlayer: 1
Current Suit: S Current Card: Card(2, S)

Your Hand:
0: Card(A, C)
1: Card(2, H)
2: Card(J, S)
3: Card(9, S)
4: Card(3, C)
5: Card(J, H)
6: Card(7, S)
7: Card(10, C)
8: Card(7, H)
9: Card(4, C)

Enter 'D' to draw a card, or enter the number of the card to play. '1'
[H[2JPlayer: 1
Current Suit: H Current Card: Card(2, H)

Your Hand:
0: Card(A, C)
1: Card(J, S)
2: Card(9, S)
3: Card(3, C)
4: Card(J, H)
5: Card(7, S)
6: Card(10, C)
7: Card(7, H)
8: Card(4, C)
[H[2JPlayer: 2
Current Suit: H Current Card: Card(2, H)

Your Hand:
0: Card(A, H)
1: Card(6, H)
2: Card(5, H)

Enter 'D' to draw a card, or enter the number of the card to play. '0'
[H[2JPlayer: 2
Current Suit: H Current Card: Card(A, H)

Your Hand:
0: Card(6, H)
1: Card(5, H)
[H[2JPlayer: 1
Current Suit: H Current Card: Card(A, H)

Your Hand:
0: Card(A, C)
1: Card(J, S)
2: Card(9, S)
3: Card(3, C)
4: Card(J, H)
5: Card(7, S)
6: Card(10, C)
7: Card(7, H)
8: Card(4, C)

Enter 'D' to draw a card, or enter the number of the card to play. '4'
[H[2JPlayer: 1
Current Suit: H Current Card: Card(J, H)

Your Hand:
0: Card(A, C)
1: Card(J, S)
2: Card(9, S)
3: Card(3, C)
4: Card(7, S)
5: Card(10, C)
6: Card(7, H)
7: Card(4, C)
[H[2JPlayer: 2
Current Suit: H Current Card: Card(J, H)

Your Hand:
0: Card(6, H)
1: Card(5, H)

Enter 'D' to draw a card, or enter the number of the card to play. '1'
[H[2JPlayer: 2
Current Suit: H Current Card: Card(5, H)

Your Hand:
0: Card(6, H)
[H[2JPlayer: 1
Current Suit: H Current Card: Card(5, H)

Your Hand:
0: Card(A, C)
1: Card(J, S)
2: Card(9, S)
3: Card(3, C)
4: Card(7, S)
5: Card(10, C)
6: Card(7, H)
7: Card(4, C)

Enter 'D' to draw a card, or enter the number of the card to play. '6'
[H[2JPlayer: 1
Current Suit: H Current Card: Card(7, H)

Your Hand:
0: Card(A, C)
1: Card(J, S)
2: Card(9, S)
3: Card(3, C)
4: Card(7, S)
5: Card(10, C)
6: Card(4, C)
[H[2JPlayer: 2
Current Suit: H Current Card: Card(7, H)

Your Hand:
0: Card(6, H)

Enter 'D' to draw a card, or enter the number of the card to play. '0'
[H[2JGame over! Player 2 wins!
bash-3.2$ exit
exit

Script done on Tue Mar 13 09:05:31 2018
